#
# There is insufficient memory for the Java Runtime Environment to continue.
# Native memory allocation (mmap) failed to map 106954752 bytes. Error detail: G1 virtual space
# Possible reasons:
#   The system is out of physical RAM or swap space
#   This process is running with CompressedOops enabled, and the Java Heap may be blocking the growth of the native heap
# Possible solutions:
#   Reduce memory load on the system
#   Increase physical memory or swap space
#   Check if swap backing store is full
#   Decrease Java heap size (-Xmx/-Xms)
#   Decrease number of Java threads
#   Decrease Java thread stack sizes (-Xss)
#   Set larger code cache with -XX:ReservedCodeCacheSize=
#   JVM is running with Zero Based Compressed Oops mode in which the Java heap is
#     placed in the first 32GB address space. The Java Heap base address is the
#     maximum limit for the native heap growth. Please use -XX:HeapBaseMinAddress
#     to set the Java Heap base and to place the Java Heap above 32GB virtual address.
# This output file may be truncated or incomplete.
#
#  Out of Memory Error (os_windows.cpp:3925), pid=20396, tid=21092
#
# JRE version: OpenJDK Runtime Environment (21.0.8) (build 21.0.8+-14196175-b1038.72)
# Java VM: OpenJDK 64-Bit Server VM (21.0.8+-14196175-b1038.72, mixed mode, tiered, compressed oops, compressed class ptrs, g1 gc, windows-amd64)
# No core dump will be written. Minidumps are not enabled by default on client versions of Windows
#

---------------  S U M M A R Y ------------

Command Line: org.jetbrains.kotlin.cli.jvm.K2JVMCompiler @C:\Users\gaelm\OneDrive\Documentos\Sensores\Sensores_ESCOM_V2\app\build\20251126_7757732603251609173.compiler.options

Host: 11th Gen Intel(R) Core(TM) i5-1155G7 @ 2.50GHz, 8 cores, 15G,  Windows 11 , 64 bit Build 26100 (10.0.26100.7019)
Time: Wed Nov 26 17:44:33 2025 Hora estándar central (México) elapsed time: 59.527373 seconds (0d 0h 0m 59s)

---------------  T H R E A D  ---------------

Current thread (0x00000238c7934fe0):  VMThread "VM Thread"          [id=21092, stack(0x0000006f24e00000,0x0000006f24f00000) (1024K)]

Stack: [0x0000006f24e00000,0x0000006f24f00000]
Native frames: (J=compiled Java code, j=interpreted, Vv=VM code, C=native code)
V  [jvm.dll+0x6d68d9]
V  [jvm.dll+0x866693]
V  [jvm.dll+0x868c4e]
V  [jvm.dll+0x869333]
V  [jvm.dll+0x280566]
V  [jvm.dll+0x6d3195]
V  [jvm.dll+0x6c69ea]
V  [jvm.dll+0x3586db]
V  [jvm.dll+0x360336]
V  [jvm.dll+0x3b23f6]
V  [jvm.dll+0x3b26c8]
V  [jvm.dll+0x32ae6c]
V  [jvm.dll+0x32aef7]
V  [jvm.dll+0x370d3c]
V  [jvm.dll+0x36f4ee]
V  [jvm.dll+0x32a5c1]
V  [jvm.dll+0x36ebf0]
V  [jvm.dll+0x86f0b8]
V  [jvm.dll+0x870434]
V  [jvm.dll+0x870970]
V  [jvm.dll+0x870c03]
V  [jvm.dll+0x80eac8]
V  [jvm.dll+0x6d512d]
C  [ucrtbase.dll+0x37b0]
C  [KERNEL32.DLL+0x2e8d7]
C  [ntdll.dll+0x8c53c]

VM_Operation (0x0000006f247fd620): G1CollectForAllocation, mode: safepoint, requested by thread 0x00000238ab5f2490


---------------  P R O C E S S  ---------------

Threads class SMR info:
_java_thread_list=0x00000238d0fe00e0, length=13, elements={
0x00000238ab5f2490, 0x00000238c797c810, 0x00000238c79a0950, 0x00000238c7980de0,
0x00000238c797eb10, 0x00000238c79c27b0, 0x00000238c79c3210, 0x00000238c79c3c70,
0x00000238c79c65b0, 0x00000238c79c9470, 0x00000238c7b67670, 0x00000238cde10a60,
0x00000238cde11ed0
}

Java Threads: ( => current thread )
  0x00000238ab5f2490 JavaThread "main"                              [_thread_blocked, id=3564, stack(0x0000006f24700000,0x0000006f24800000) (1024K)]
  0x00000238c797c810 JavaThread "Common-Cleaner"             daemon [_thread_blocked, id=19168, stack(0x0000006f24f00000,0x0000006f25000000) (1024K)]
  0x00000238c79a0950 JavaThread "Reference Handler"          daemon [_thread_blocked, id=24964, stack(0x0000006f25000000,0x0000006f25100000) (1024K)]
  0x00000238c7980de0 JavaThread "Finalizer"                  daemon [_thread_blocked, id=23376, stack(0x0000006f25100000,0x0000006f25200000) (1024K)]
  0x00000238c797eb10 JavaThread "Signal Dispatcher"          daemon [_thread_blocked, id=18744, stack(0x0000006f25200000,0x0000006f25300000) (1024K)]
  0x00000238c79c27b0 JavaThread "Attach Listener"            daemon [_thread_blocked, id=2096, stack(0x0000006f25300000,0x0000006f25400000) (1024K)]
  0x00000238c79c3210 JavaThread "Service Thread"             daemon [_thread_blocked, id=21136, stack(0x0000006f25400000,0x0000006f25500000) (1024K)]
  0x00000238c79c3c70 JavaThread "Monitor Deflation Thread"   daemon [_thread_blocked, id=13584, stack(0x0000006f25500000,0x0000006f25600000) (1024K)]
  0x00000238c79c65b0 JavaThread "C2 CompilerThread0"         daemon [_thread_blocked, id=6336, stack(0x0000006f25600000,0x0000006f25700000) (1024K)]
  0x00000238c79c9470 JavaThread "C1 CompilerThread0"         daemon [_thread_blocked, id=4504, stack(0x0000006f25700000,0x0000006f25800000) (1024K)]
  0x00000238c7b67670 JavaThread "Notification Thread"        daemon [_thread_blocked, id=20420, stack(0x0000006f25800000,0x0000006f25900000) (1024K)]
  0x00000238cde10a60 JavaThread "C2 CompilerThread1"         daemon [_thread_blocked, id=20292, stack(0x0000006f24500000,0x0000006f24600000) (1024K)]
  0x00000238cde11ed0 JavaThread "C2 CompilerThread2"         daemon [_thread_blocked, id=5160, stack(0x0000006f25900000,0x0000006f25a00000) (1024K)]
Total: 13

Other Threads:
=>0x00000238c7934fe0 VMThread "VM Thread"                           [id=21092, stack(0x0000006f24e00000,0x0000006f24f00000) (1024K)]
  0x00000238c7107aa0 WatcherThread "VM Periodic Task Thread"        [id=13392, stack(0x0000006f24d00000,0x0000006f24e00000) (1024K)]
  0x00000238ada01fb0 WorkerThread "GC Thread#0"                     [id=9276, stack(0x0000006f24800000,0x0000006f24900000) (1024K)]
  0x00000238cc4b92f0 WorkerThread "GC Thread#1"                     [id=10600, stack(0x0000006f25a00000,0x0000006f25b00000) (1024K)]
  0x00000238cc426090 WorkerThread "GC Thread#2"                     [id=12576, stack(0x0000006f25b00000,0x0000006f25c00000) (1024K)]
  0x00000238cc426430 WorkerThread "GC Thread#3"                     [id=12556, stack(0x0000006f25c00000,0x0000006f25d00000) (1024K)]
  0x00000238cc4267d0 WorkerThread "GC Thread#4"                     [id=5900, stack(0x0000006f25d00000,0x0000006f25e00000) (1024K)]
  0x00000238cc426b70 WorkerThread "GC Thread#5"                     [id=6608, stack(0x0000006f25e00000,0x0000006f25f00000) (1024K)]
  0x00000238cc7a7f40 WorkerThread "GC Thread#6"                     [id=19532, stack(0x0000006f26000000,0x0000006f26100000) (1024K)]
  0x00000238ccc1b410 WorkerThread "GC Thread#7"                     [id=14164, stack(0x0000006f26100000,0x0000006f26200000) (1024K)]
  0x00000238ada13a60 ConcurrentGCThread "G1 Main Marker"            [id=14768, stack(0x0000006f24900000,0x0000006f24a00000) (1024K)]
  0x00000238ada14d70 WorkerThread "G1 Conc#0"                       [id=6300, stack(0x0000006f24a00000,0x0000006f24b00000) (1024K)]
  0x00000238ccc19710 WorkerThread "G1 Conc#1"                       [id=12524, stack(0x0000006f26200000,0x0000006f26300000) (1024K)]
  0x00000238c6fd8010 ConcurrentGCThread "G1 Refine#0"               [id=22768, stack(0x0000006f24b00000,0x0000006f24c00000) (1024K)]
  0x00000238c6fd9840 ConcurrentGCThread "G1 Service"                [id=24124, stack(0x0000006f24c00000,0x0000006f24d00000) (1024K)]
Total: 15

Threads with active compile tasks:
C1 CompilerThread0  59549 25654       3       org.jetbrains.kotlin.backend.jvm.ir.IrInlineReferenceLocator::visitVariable (8 bytes)
C2 CompilerThread1  59549 25418       4       org.jetbrains.kotlin.load.kotlin.TypeSignatureMappingKt::mapBuiltInType (339 bytes)
Total: 2

VM state: at safepoint (normal execution)

VM Mutex/Monitor currently owned by a thread:  ([mutex/lock_event])
[0x00007ffc78fa85b8] Threads_lock - owner thread: 0x00000238c7934fe0
[0x00007ffc78fa86b8] Heap_lock - owner thread: 0x00000238ab5f2490

Heap address: 0x0000000703600000, size: 4042 MB, Compressed Oops mode: Zero based, Oop shift amount: 3

CDS archive(s) not mapped
Compressed class space mapped at: 0x0000000800000000-0x0000000840000000, reserved size: 1073741824
Narrow klass base: 0x0000000800000000, Narrow klass shift: 0, Narrow klass range: 0x40000000

GC Precious Log:
 CardTable entry size: 512
 Card Set container configuration: InlinePtr #cards 4 size 8 Array Of Cards #cards 16 size 48 Howl #buckets 8 coarsen threshold 3686 Howl Bitmap #cards 512 size 80 coarsen threshold 460 Card regions per heap region 1 cards per card region 4096
 CPUs: 8 total, 8 available
 Memory: 16167M
 Large Page Support: Disabled
 NUMA Support: Disabled
 Compressed Oops: Enabled (Zero based)
 Heap Region Size: 2M
 Heap Min Capacity: 8M
 Heap Initial Capacity: 254M
 Heap Max Capacity: 4042M
 Pre-touch: Disabled
 Parallel Workers: 8
 Concurrent Workers: 2
 Concurrent Refinement Workers: 8
 Periodic GC: Disabled

Heap:
 garbage-first heap   total 516096K, used 332300K [0x0000000703600000, 0x0000000800000000)
  region size 2048K, 5 young (10240K), 5 survivors (10240K)
 Metaspace       used 89865K, committed 90752K, reserved 1179648K
  class space    used 9556K, committed 9984K, reserved 1048576K

Heap Regions: E=young(eden), S=young(survivor), O=old, HS=humongous(starts), HC=humongous(continues), CS=collection set, F=free, TAMS=top-at-mark-start, PB=parsable bottom
|   0|0x0000000703600000, 0x0000000703800000, 0x0000000703800000|100%|HS|  |TAMS 0x0000000703600000| PB 0x0000000703600000| Complete 
|   1|0x0000000703800000, 0x0000000703a00000, 0x0000000703a00000|100%|HC|  |TAMS 0x0000000703800000| PB 0x0000000703800000| Complete 
|   2|0x0000000703a00000, 0x0000000703c00000, 0x0000000703c00000|100%| O|  |TAMS 0x0000000703a00000| PB 0x0000000703a00000| Untracked 
|   3|0x0000000703c00000, 0x0000000703e00000, 0x0000000703e00000|100%| O|  |TAMS 0x0000000703c00000| PB 0x0000000703c00000| Untracked 
|   4|0x0000000703e00000, 0x0000000704000000, 0x0000000704000000|100%| O|  |TAMS 0x0000000703e00000| PB 0x0000000703e00000| Untracked 
|   5|0x0000000704000000, 0x0000000704200000, 0x0000000704200000|100%| O|  |TAMS 0x0000000704000000| PB 0x0000000704000000| Untracked 
|   6|0x0000000704200000, 0x0000000704400000, 0x0000000704400000|100%| O|  |TAMS 0x0000000704200000| PB 0x0000000704200000| Untracked 
|   7|0x0000000704400000, 0x0000000704600000, 0x0000000704600000|100%| O|  |TAMS 0x0000000704400000| PB 0x0000000704400000| Untracked 
|   8|0x0000000704600000, 0x0000000704800000, 0x0000000704800000|100%| O|  |TAMS 0x0000000704600000| PB 0x0000000704600000| Untracked 
|   9|0x0000000704800000, 0x0000000704a00000, 0x0000000704a00000|100%| O|  |TAMS 0x0000000704800000| PB 0x0000000704800000| Untracked 
|  10|0x0000000704a00000, 0x0000000704c00000, 0x0000000704c00000|100%| O|  |TAMS 0x0000000704a00000| PB 0x0000000704a00000| Untracked 
|  11|0x0000000704c00000, 0x0000000704e00000, 0x0000000704e00000|100%|HS|  |TAMS 0x0000000704c00000| PB 0x0000000704c00000| Complete 
|  12|0x0000000704e00000, 0x0000000705000000, 0x0000000705000000|100%| O|  |TAMS 0x0000000704e00000| PB 0x0000000704e00000| Untracked 
|  13|0x0000000705000000, 0x0000000705200000, 0x0000000705200000|100%| O|  |TAMS 0x0000000705000000| PB 0x0000000705000000| Untracked 
|  14|0x0000000705200000, 0x0000000705400000, 0x0000000705400000|100%| O|  |TAMS 0x0000000705200000| PB 0x0000000705200000| Untracked 
|  15|0x0000000705400000, 0x0000000705600000, 0x0000000705600000|100%| O|  |TAMS 0x0000000705400000| PB 0x0000000705400000| Untracked 
|  16|0x0000000705600000, 0x0000000705800000, 0x0000000705800000|100%| O|  |TAMS 0x0000000705600000| PB 0x0000000705600000| Untracked 
|  17|0x0000000705800000, 0x0000000705a00000, 0x0000000705a00000|100%| O|  |TAMS 0x0000000705800000| PB 0x0000000705800000| Untracked 
|  18|0x0000000705a00000, 0x0000000705c00000, 0x0000000705c00000|100%| O|  |TAMS 0x0000000705a00000| PB 0x0000000705a00000| Untracked 
|  19|0x0000000705c00000, 0x0000000705e00000, 0x0000000705e00000|100%| O|  |TAMS 0x0000000705c00000| PB 0x0000000705c00000| Untracked 
|  20|0x0000000705e00000, 0x0000000706000000, 0x0000000706000000|100%| O|  |TAMS 0x0000000705e00000| PB 0x0000000705e00000| Untracked 
|  21|0x0000000706000000, 0x0000000706200000, 0x0000000706200000|100%| O|  |TAMS 0x0000000706000000| PB 0x0000000706000000| Untracked 
|  22|0x0000000706200000, 0x0000000706400000, 0x0000000706400000|100%| O|  |TAMS 0x0000000706200000| PB 0x0000000706200000| Untracked 
|  23|0x0000000706400000, 0x0000000706600000, 0x0000000706600000|100%| O|  |TAMS 0x0000000706400000| PB 0x0000000706400000| Untracked 
|  24|0x0000000706600000, 0x0000000706800000, 0x0000000706800000|100%| O|  |TAMS 0x0000000706600000| PB 0x0000000706600000| Untracked 
|  25|0x0000000706800000, 0x0000000706a00000, 0x0000000706a00000|100%| O|  |TAMS 0x0000000706800000| PB 0x0000000706800000| Untracked 
|  26|0x0000000706a00000, 0x0000000706c00000, 0x0000000706c00000|100%| O|  |TAMS 0x0000000706a00000| PB 0x0000000706a00000| Untracked 
|  27|0x0000000706c00000, 0x0000000706e00000, 0x0000000706e00000|100%| O|  |TAMS 0x0000000706c00000| PB 0x0000000706c00000| Untracked 
|  28|0x0000000706e00000, 0x0000000707000000, 0x0000000707000000|100%| O|  |TAMS 0x0000000706e00000| PB 0x0000000706e00000| Untracked 
|  29|0x0000000707000000, 0x0000000707200000, 0x0000000707200000|100%| O|  |TAMS 0x0000000707000000| PB 0x0000000707000000| Untracked 
|  30|0x0000000707200000, 0x0000000707400000, 0x0000000707400000|100%| O|  |TAMS 0x0000000707200000| PB 0x0000000707200000| Untracked 
|  31|0x0000000707400000, 0x0000000707600000, 0x0000000707600000|100%| O|  |TAMS 0x0000000707400000| PB 0x0000000707400000| Untracked 
|  32|0x0000000707600000, 0x0000000707800000, 0x0000000707800000|100%| O|  |TAMS 0x0000000707600000| PB 0x0000000707600000| Untracked 
|  33|0x0000000707800000, 0x0000000707a00000, 0x0000000707a00000|100%| O|  |TAMS 0x0000000707800000| PB 0x0000000707800000| Untracked 
|  34|0x0000000707a00000, 0x0000000707c00000, 0x0000000707c00000|100%| O|  |TAMS 0x0000000707a00000| PB 0x0000000707a00000| Untracked 
|  35|0x0000000707c00000, 0x0000000707e00000, 0x0000000707e00000|100%| O|  |TAMS 0x0000000707c00000| PB 0x0000000707c00000| Untracked 
|  36|0x0000000707e00000, 0x0000000708000000, 0x0000000708000000|100%| O|  |TAMS 0x0000000707e00000| PB 0x0000000707e00000| Untracked 
|  37|0x0000000708000000, 0x0000000708200000, 0x0000000708200000|100%| O|  |TAMS 0x0000000708000000| PB 0x0000000708000000| Untracked 
|  38|0x0000000708200000, 0x0000000708400000, 0x0000000708400000|100%| O|  |TAMS 0x0000000708200000| PB 0x0000000708200000| Untracked 
|  39|0x0000000708400000, 0x0000000708600000, 0x0000000708600000|100%| O|  |TAMS 0x0000000708400000| PB 0x0000000708400000| Untracked 
|  40|0x0000000708600000, 0x0000000708800000, 0x0000000708800000|100%| O|  |TAMS 0x0000000708600000| PB 0x0000000708600000| Untracked 
|  41|0x0000000708800000, 0x0000000708a00000, 0x0000000708a00000|100%| O|  |TAMS 0x0000000708800000| PB 0x0000000708800000| Untracked 
|  42|0x0000000708a00000, 0x0000000708c00000, 0x0000000708c00000|100%| O|  |TAMS 0x0000000708a00000| PB 0x0000000708a00000| Untracked 
|  43|0x0000000708c00000, 0x0000000708e00000, 0x0000000708e00000|100%| O|  |TAMS 0x0000000708c00000| PB 0x0000000708c00000| Untracked 
|  44|0x0000000708e00000, 0x0000000709000000, 0x0000000709000000|100%| O|  |TAMS 0x0000000708e00000| PB 0x0000000708e00000| Untracked 
|  45|0x0000000709000000, 0x0000000709200000, 0x0000000709200000|100%| O|  |TAMS 0x0000000709000000| PB 0x0000000709000000| Untracked 
|  46|0x0000000709200000, 0x0000000709400000, 0x0000000709400000|100%| O|  |TAMS 0x0000000709200000| PB 0x0000000709200000| Untracked 
|  47|0x0000000709400000, 0x0000000709600000, 0x0000000709600000|100%| O|  |TAMS 0x0000000709400000| PB 0x0000000709400000| Untracked 
|  48|0x0000000709600000, 0x0000000709800000, 0x0000000709800000|100%| O|  |TAMS 0x0000000709600000| PB 0x0000000709600000| Untracked 
|  49|0x0000000709800000, 0x0000000709a00000, 0x0000000709a00000|100%| O|  |TAMS 0x0000000709800000| PB 0x0000000709800000| Untracked 
|  50|0x0000000709a00000, 0x0000000709c00000, 0x0000000709c00000|100%| O|  |TAMS 0x0000000709a00000| PB 0x0000000709a00000| Untracked 
|  51|0x0000000709c00000, 0x0000000709e00000, 0x0000000709e00000|100%| O|  |TAMS 0x0000000709c00000| PB 0x0000000709c00000| Untracked 
|  52|0x0000000709e00000, 0x000000070a000000, 0x000000070a000000|100%| O|  |TAMS 0x0000000709e00000| PB 0x0000000709e00000| Untracked 
|  53|0x000000070a000000, 0x000000070a200000, 0x000000070a200000|100%| O|  |TAMS 0x000000070a000000| PB 0x000000070a000000| Untracked 
|  54|0x000000070a200000, 0x000000070a400000, 0x000000070a400000|100%| O|  |TAMS 0x000000070a200000| PB 0x000000070a200000| Untracked 
|  55|0x000000070a400000, 0x000000070a600000, 0x000000070a600000|100%| O|  |TAMS 0x000000070a400000| PB 0x000000070a400000| Untracked 
|  56|0x000000070a600000, 0x000000070a800000, 0x000000070a800000|100%| O|  |TAMS 0x000000070a600000| PB 0x000000070a600000| Untracked 
|  57|0x000000070a800000, 0x000000070aa00000, 0x000000070aa00000|100%| O|  |TAMS 0x000000070a800000| PB 0x000000070a800000| Untracked 
|  58|0x000000070aa00000, 0x000000070ac00000, 0x000000070ac00000|100%| O|  |TAMS 0x000000070aa00000| PB 0x000000070aa00000| Untracked 
|  59|0x000000070ac00000, 0x000000070ae00000, 0x000000070ae00000|100%| O|  |TAMS 0x000000070ac00000| PB 0x000000070ac00000| Untracked 
|  60|0x000000070ae00000, 0x000000070b000000, 0x000000070b000000|100%| O|  |TAMS 0x000000070ae00000| PB 0x000000070ae00000| Untracked 
|  61|0x000000070b000000, 0x000000070b200000, 0x000000070b200000|100%| O|  |TAMS 0x000000070b000000| PB 0x000000070b000000| Untracked 
|  62|0x000000070b200000, 0x000000070b400000, 0x000000070b400000|100%| O|  |TAMS 0x000000070b200000| PB 0x000000070b200000| Untracked 
|  63|0x000000070b400000, 0x000000070b600000, 0x000000070b600000|100%| O|  |TAMS 0x000000070b400000| PB 0x000000070b400000| Untracked 
|  64|0x000000070b600000, 0x000000070b800000, 0x000000070b800000|100%| O|  |TAMS 0x000000070b600000| PB 0x000000070b600000| Untracked 
|  65|0x000000070b800000, 0x000000070ba00000, 0x000000070ba00000|100%| O|  |TAMS 0x000000070b800000| PB 0x000000070b800000| Untracked 
|  66|0x000000070ba00000, 0x000000070bc00000, 0x000000070bc00000|100%| O|  |TAMS 0x000000070ba00000| PB 0x000000070ba00000| Untracked 
|  67|0x000000070bc00000, 0x000000070be00000, 0x000000070be00000|100%| O|  |TAMS 0x000000070bc00000| PB 0x000000070bc00000| Untracked 
|  68|0x000000070be00000, 0x000000070c000000, 0x000000070c000000|100%| O|  |TAMS 0x000000070be00000| PB 0x000000070be00000| Untracked 
|  69|0x000000070c000000, 0x000000070c200000, 0x000000070c200000|100%| O|  |TAMS 0x000000070c000000| PB 0x000000070c000000| Untracked 
|  70|0x000000070c200000, 0x000000070c400000, 0x000000070c400000|100%| O|  |TAMS 0x000000070c200000| PB 0x000000070c200000| Untracked 
|  71|0x000000070c400000, 0x000000070c600000, 0x000000070c600000|100%| O|  |TAMS 0x000000070c400000| PB 0x000000070c400000| Untracked 
|  72|0x000000070c600000, 0x000000070c800000, 0x000000070c800000|100%| O|  |TAMS 0x000000070c600000| PB 0x000000070c600000| Untracked 
|  73|0x000000070c800000, 0x000000070ca00000, 0x000000070ca00000|100%| O|  |TAMS 0x000000070c800000| PB 0x000000070c800000| Untracked 
|  74|0x000000070ca00000, 0x000000070cc00000, 0x000000070cc00000|100%|HS|  |TAMS 0x000000070ca00000| PB 0x000000070ca00000| Complete 
|  75|0x000000070cc00000, 0x000000070ce00000, 0x000000070ce00000|100%|HC|  |TAMS 0x000000070cc00000| PB 0x000000070cc00000| Complete 
|  76|0x000000070ce00000, 0x000000070d000000, 0x000000070d000000|100%|HC|  |TAMS 0x000000070ce00000| PB 0x000000070ce00000| Complete 
|  77|0x000000070d000000, 0x000000070d200000, 0x000000070d200000|100%|HC|  |TAMS 0x000000070d000000| PB 0x000000070d000000| Complete 
|  78|0x000000070d200000, 0x000000070d400000, 0x000000070d400000|100%|HC|  |TAMS 0x000000070d200000| PB 0x000000070d200000| Complete 
|  79|0x000000070d400000, 0x000000070d600000, 0x000000070d600000|100%| O|  |TAMS 0x000000070d400000| PB 0x000000070d400000| Untracked 
|  80|0x000000070d600000, 0x000000070d800000, 0x000000070d800000|100%| O|  |TAMS 0x000000070d600000| PB 0x000000070d600000| Untracked 
|  81|0x000000070d800000, 0x000000070da00000, 0x000000070da00000|100%| O|  |TAMS 0x000000070d800000| PB 0x000000070d800000| Untracked 
|  82|0x000000070da00000, 0x000000070dc00000, 0x000000070dc00000|100%| O|  |TAMS 0x000000070da00000| PB 0x000000070da00000| Untracked 
|  83|0x000000070dc00000, 0x000000070de00000, 0x000000070de00000|100%| O|  |TAMS 0x000000070dc00000| PB 0x000000070dc00000| Untracked 
|  84|0x000000070de00000, 0x000000070e000000, 0x000000070e000000|100%| O|  |TAMS 0x000000070de00000| PB 0x000000070de00000| Untracked 
|  85|0x000000070e000000, 0x000000070e200000, 0x000000070e200000|100%| O|  |TAMS 0x000000070e000000| PB 0x000000070e000000| Untracked 
|  86|0x000000070e200000, 0x000000070e400000, 0x000000070e400000|100%| O|  |TAMS 0x000000070e200000| PB 0x000000070e200000| Untracked 
|  87|0x000000070e400000, 0x000000070e600000, 0x000000070e600000|100%| O|  |TAMS 0x000000070e400000| PB 0x000000070e400000| Untracked 
|  88|0x000000070e600000, 0x000000070e800000, 0x000000070e800000|100%| O|  |TAMS 0x000000070e600000| PB 0x000000070e600000| Untracked 
|  89|0x000000070e800000, 0x000000070ea00000, 0x000000070ea00000|100%| O|  |TAMS 0x000000070e800000| PB 0x000000070e800000| Untracked 
|  90|0x000000070ea00000, 0x000000070ec00000, 0x000000070ec00000|100%| O|  |TAMS 0x000000070ea00000| PB 0x000000070ea00000| Untracked 
|  91|0x000000070ec00000, 0x000000070ee00000, 0x000000070ee00000|100%| O|  |TAMS 0x000000070ec00000| PB 0x000000070ec00000| Untracked 
|  92|0x000000070ee00000, 0x000000070f000000, 0x000000070f000000|100%| O|  |TAMS 0x000000070ee00000| PB 0x000000070ee00000| Untracked 
|  93|0x000000070f000000, 0x000000070f200000, 0x000000070f200000|100%| O|  |TAMS 0x000000070f000000| PB 0x000000070f000000| Untracked 
|  94|0x000000070f200000, 0x000000070f400000, 0x000000070f400000|100%| O|  |TAMS 0x000000070f200000| PB 0x000000070f200000| Untracked 
|  95|0x000000070f400000, 0x000000070f400000, 0x000000070f600000|  0%| F|  |TAMS 0x000000070f400000| PB 0x000000070f400000| Untracked 
|  96|0x000000070f600000, 0x000000070f800000, 0x000000070f800000|100%| O|  |TAMS 0x000000070f600000| PB 0x000000070f600000| Untracked 
|  97|0x000000070f800000, 0x000000070fa00000, 0x000000070fa00000|100%| O|  |TAMS 0x000000070f800000| PB 0x000000070f800000| Untracked 
|  98|0x000000070fa00000, 0x000000070fc00000, 0x000000070fc00000|100%| O|  |TAMS 0x000000070fa00000| PB 0x000000070fa00000| Untracked 
|  99|0x000000070fc00000, 0x000000070fe00000, 0x000000070fe00000|100%| O|  |TAMS 0x000000070fc00000| PB 0x000000070fc00000| Untracked 
| 100|0x000000070fe00000, 0x0000000710000000, 0x0000000710000000|100%| O|  |TAMS 0x000000070fe00000| PB 0x000000070fe00000| Untracked 
| 101|0x0000000710000000, 0x0000000710200000, 0x0000000710200000|100%| O|  |TAMS 0x0000000710000000| PB 0x0000000710000000| Untracked 
| 102|0x0000000710200000, 0x0000000710400000, 0x0000000710400000|100%| O|  |TAMS 0x0000000710200000| PB 0x0000000710200000| Untracked 
| 103|0x0000000710400000, 0x0000000710600000, 0x0000000710600000|100%| O|  |TAMS 0x0000000710400000| PB 0x0000000710400000| Untracked 
| 104|0x0000000710600000, 0x0000000710800000, 0x0000000710800000|100%| O|  |TAMS 0x0000000710600000| PB 0x0000000710600000| Untracked 
| 105|0x0000000710800000, 0x0000000710a00000, 0x0000000710a00000|100%| O|  |TAMS 0x0000000710800000| PB 0x0000000710800000| Untracked 
| 106|0x0000000710a00000, 0x0000000710c00000, 0x0000000710c00000|100%| O|  |TAMS 0x0000000710a00000| PB 0x0000000710a00000| Untracked 
| 107|0x0000000710c00000, 0x0000000710e00000, 0x0000000710e00000|100%| O|  |TAMS 0x0000000710c00000| PB 0x0000000710c00000| Untracked 
| 108|0x0000000710e00000, 0x0000000711000000, 0x0000000711000000|100%| O|  |TAMS 0x0000000710e00000| PB 0x0000000710e00000| Untracked 
| 109|0x0000000711000000, 0x0000000711200000, 0x0000000711200000|100%| O|  |TAMS 0x0000000711000000| PB 0x0000000711000000| Untracked 
| 110|0x0000000711200000, 0x0000000711400000, 0x0000000711400000|100%| O|  |TAMS 0x0000000711200000| PB 0x0000000711200000| Untracked 
| 111|0x0000000711400000, 0x0000000711600000, 0x0000000711600000|100%| O|  |TAMS 0x0000000711400000| PB 0x0000000711400000| Untracked 
| 112|0x0000000711600000, 0x0000000711800000, 0x0000000711800000|100%| O|  |TAMS 0x0000000711600000| PB 0x0000000711600000| Untracked 
| 113|0x0000000711800000, 0x0000000711a00000, 0x0000000711a00000|100%| O|  |TAMS 0x0000000711800000| PB 0x0000000711800000| Untracked 
| 114|0x0000000711a00000, 0x0000000711c00000, 0x0000000711c00000|100%| O|  |TAMS 0x0000000711a00000| PB 0x0000000711a00000| Untracked 
| 115|0x0000000711c00000, 0x0000000711e00000, 0x0000000711e00000|100%| O|  |TAMS 0x0000000711c00000| PB 0x0000000711c00000| Untracked 
| 116|0x0000000711e00000, 0x0000000712000000, 0x0000000712000000|100%| O|  |TAMS 0x0000000711e00000| PB 0x0000000711e00000| Untracked 
| 117|0x0000000712000000, 0x0000000712200000, 0x0000000712200000|100%| O|  |TAMS 0x0000000712000000| PB 0x0000000712000000| Untracked 
| 118|0x0000000712200000, 0x0000000712400000, 0x0000000712400000|100%| O|  |TAMS 0x0000000712200000| PB 0x0000000712200000| Untracked 
| 119|0x0000000712400000, 0x0000000712600000, 0x0000000712600000|100%| O|  |TAMS 0x0000000712400000| PB 0x0000000712400000| Untracked 
| 120|0x0000000712600000, 0x0000000712800000, 0x0000000712800000|100%| O|  |TAMS 0x0000000712600000| PB 0x0000000712600000| Untracked 
| 121|0x0000000712800000, 0x0000000712a00000, 0x0000000712a00000|100%| O|  |TAMS 0x0000000712800000| PB 0x0000000712800000| Untracked 
| 122|0x0000000712a00000, 0x0000000712c00000, 0x0000000712c00000|100%| O|  |TAMS 0x0000000712a00000| PB 0x0000000712a00000| Untracked 
| 123|0x0000000712c00000, 0x0000000712e00000, 0x0000000712e00000|100%| O|  |TAMS 0x0000000712c00000| PB 0x0000000712c00000| Untracked 
| 124|0x0000000712e00000, 0x0000000713000000, 0x0000000713000000|100%| O|  |TAMS 0x0000000712e00000| PB 0x0000000712e00000| Untracked 
| 125|0x0000000713000000, 0x0000000713200000, 0x0000000713200000|100%| O|  |TAMS 0x0000000713000000| PB 0x0000000713000000| Untracked 
| 126|0x0000000713200000, 0x0000000713200000, 0x0000000713400000|  0%| F|  |TAMS 0x0000000713200000| PB 0x0000000713200000| Untracked 
| 127|0x0000000713400000, 0x0000000713400000, 0x0000000713600000|  0%| F|  |TAMS 0x0000000713400000| PB 0x0000000713400000| Untracked 
| 128|0x0000000713600000, 0x0000000713800000, 0x0000000713800000|100%| O|  |TAMS 0x0000000713600000| PB 0x0000000713600000| Untracked 
| 129|0x0000000713800000, 0x0000000713a00000, 0x0000000713a00000|100%| O|  |TAMS 0x0000000713800000| PB 0x0000000713800000| Untracked 
| 130|0x0000000713a00000, 0x0000000713c00000, 0x0000000713c00000|100%| O|  |TAMS 0x0000000713a00000| PB 0x0000000713a00000| Untracked 
| 131|0x0000000713c00000, 0x0000000713e00000, 0x0000000713e00000|100%| O|  |TAMS 0x0000000713c00000| PB 0x0000000713c00000| Untracked 
| 132|0x0000000713e00000, 0x0000000714000000, 0x0000000714000000|100%| O|  |TAMS 0x0000000713e00000| PB 0x0000000713e00000| Untracked 
| 133|0x0000000714000000, 0x0000000714200000, 0x0000000714200000|100%| O|  |TAMS 0x0000000714000000| PB 0x0000000714000000| Untracked 
| 134|0x0000000714200000, 0x0000000714400000, 0x0000000714400000|100%| O|  |TAMS 0x0000000714200000| PB 0x0000000714200000| Untracked 
| 135|0x0000000714400000, 0x0000000714600000, 0x0000000714600000|100%| O|  |TAMS 0x0000000714400000| PB 0x0000000714400000| Untracked 
| 136|0x0000000714600000, 0x0000000714800000, 0x0000000714800000|100%| O|  |TAMS 0x0000000714600000| PB 0x0000000714600000| Untracked 
| 137|0x0000000714800000, 0x0000000714a00000, 0x0000000714a00000|100%| O|  |TAMS 0x0000000714800000| PB 0x0000000714800000| Untracked 
| 138|0x0000000714a00000, 0x0000000714c00000, 0x0000000714c00000|100%| O|  |TAMS 0x0000000714a00000| PB 0x0000000714a00000| Untracked 
| 139|0x0000000714c00000, 0x0000000714e00000, 0x0000000714e00000|100%| O|  |TAMS 0x0000000714c00000| PB 0x0000000714c00000| Untracked 
| 140|0x0000000714e00000, 0x0000000715000000, 0x0000000715000000|100%| O|  |TAMS 0x0000000714e00000| PB 0x0000000714e00000| Untracked 
| 141|0x0000000715000000, 0x0000000715200000, 0x0000000715200000|100%| O|  |TAMS 0x0000000715000000| PB 0x0000000715000000| Untracked 
| 142|0x0000000715200000, 0x0000000715400000, 0x0000000715400000|100%| O|  |TAMS 0x0000000715200000| PB 0x0000000715200000| Untracked 
| 143|0x0000000715400000, 0x0000000715600000, 0x0000000715600000|100%| O|  |TAMS 0x0000000715400000| PB 0x0000000715400000| Untracked 
| 144|0x0000000715600000, 0x0000000715800000, 0x0000000715800000|100%| O|  |TAMS 0x0000000715600000| PB 0x0000000715600000| Untracked 
| 145|0x0000000715800000, 0x0000000715a00000, 0x0000000715a00000|100%| O|  |TAMS 0x0000000715800000| PB 0x0000000715800000| Untracked 
| 146|0x0000000715a00000, 0x0000000715c00000, 0x0000000715c00000|100%| O|  |TAMS 0x0000000715a00000| PB 0x0000000715a00000| Untracked 
| 147|0x0000000715c00000, 0x0000000715e00000, 0x0000000715e00000|100%| O|  |TAMS 0x0000000715c00000| PB 0x0000000715c00000| Untracked 
| 148|0x0000000715e00000, 0x0000000716000000, 0x0000000716000000|100%| O|  |TAMS 0x0000000715e00000| PB 0x0000000715e00000| Untracked 
| 149|0x0000000716000000, 0x0000000716200000, 0x0000000716200000|100%| O|  |TAMS 0x0000000716000000| PB 0x0000000716000000| Untracked 
| 150|0x0000000716200000, 0x0000000716400000, 0x0000000716400000|100%| O|  |TAMS 0x0000000716200000| PB 0x0000000716200000| Untracked 
| 151|0x0000000716400000, 0x0000000716600000, 0x0000000716600000|100%| O|  |TAMS 0x0000000716400000| PB 0x0000000716400000| Untracked 
| 152|0x0000000716600000, 0x0000000716800000, 0x0000000716800000|100%| O|  |TAMS 0x0000000716600000| PB 0x0000000716600000| Untracked 
| 153|0x0000000716800000, 0x0000000716a00000, 0x0000000716a00000|100%| O|  |TAMS 0x0000000716800000| PB 0x0000000716800000| Untracked 
| 154|0x0000000716a00000, 0x0000000716c00000, 0x0000000716c00000|100%| O|  |TAMS 0x0000000716a00000| PB 0x0000000716a00000| Untracked 
| 155|0x0000000716c00000, 0x0000000716e00000, 0x0000000716e00000|100%| O|  |TAMS 0x0000000716c00000| PB 0x0000000716c00000| Untracked 
| 156|0x0000000716e00000, 0x0000000717000000, 0x0000000717000000|100%| O|  |TAMS 0x0000000716e00000| PB 0x0000000716e00000| Untracked 
| 157|0x0000000717000000, 0x0000000717200000, 0x0000000717200000|100%| O|  |TAMS 0x0000000717000000| PB 0x0000000717000000| Untracked 
| 158|0x0000000717200000, 0x0000000717400000, 0x0000000717400000|100%| O|  |TAMS 0x0000000717200000| PB 0x0000000717200000| Untracked 
| 159|0x0000000717400000, 0x0000000717516ea0, 0x0000000717600000| 54%| O|  |TAMS 0x0000000717400000| PB 0x0000000717400000| Untracked 
| 160|0x0000000717600000, 0x0000000717600000, 0x0000000717800000|  0%| F|  |TAMS 0x0000000717600000| PB 0x0000000717600000| Untracked 
| 161|0x0000000717800000, 0x0000000717800000, 0x0000000717a00000|  0%| F|  |TAMS 0x0000000717800000| PB 0x0000000717800000| Untracked 
| 162|0x0000000717a00000, 0x0000000717a00000, 0x0000000717c00000|  0%| F|  |TAMS 0x0000000717a00000| PB 0x0000000717a00000| Untracked 
| 163|0x0000000717c00000, 0x0000000717c00000, 0x0000000717e00000|  0%| F|  |TAMS 0x0000000717c00000| PB 0x0000000717c00000| Untracked 
| 164|0x0000000717e00000, 0x0000000717e00000, 0x0000000718000000|  0%| F|  |TAMS 0x0000000717e00000| PB 0x0000000717e00000| Untracked 
| 165|0x0000000718000000, 0x0000000718000000, 0x0000000718200000|  0%| F|  |TAMS 0x0000000718000000| PB 0x0000000718000000| Untracked 
| 166|0x0000000718200000, 0x0000000718200000, 0x0000000718400000|  0%| F|  |TAMS 0x0000000718200000| PB 0x0000000718200000| Untracked 
| 167|0x0000000718400000, 0x0000000718400000, 0x0000000718600000|  0%| F|  |TAMS 0x0000000718400000| PB 0x0000000718400000| Untracked 
| 168|0x0000000718600000, 0x0000000718600000, 0x0000000718800000|  0%| F|  |TAMS 0x0000000718600000| PB 0x0000000718600000| Untracked 
| 169|0x0000000718800000, 0x000000071896c520, 0x0000000718a00000| 71%| S|CS|TAMS 0x0000000718800000| PB 0x0000000718800000| Complete 
| 170|0x0000000718a00000, 0x0000000718c00000, 0x0000000718c00000|100%| S|CS|TAMS 0x0000000718a00000| PB 0x0000000718a00000| Complete 
| 171|0x0000000718c00000, 0x0000000718e00000, 0x0000000718e00000|100%| S|CS|TAMS 0x0000000718c00000| PB 0x0000000718c00000| Complete 
| 172|0x0000000718e00000, 0x0000000719000000, 0x0000000719000000|100%| S|CS|TAMS 0x0000000718e00000| PB 0x0000000718e00000| Complete 
| 173|0x0000000719000000, 0x0000000719200000, 0x0000000719200000|100%| S|CS|TAMS 0x0000000719000000| PB 0x0000000719000000| Complete 
| 174|0x0000000719200000, 0x0000000719200000, 0x0000000719400000|  0%| F|  |TAMS 0x0000000719200000| PB 0x0000000719200000| Untracked 
| 175|0x0000000719400000, 0x0000000719400000, 0x0000000719600000|  0%| F|  |TAMS 0x0000000719400000| PB 0x0000000719400000| Untracked 
| 176|0x0000000719600000, 0x0000000719600000, 0x0000000719800000|  0%| F|  |TAMS 0x0000000719600000| PB 0x0000000719600000| Untracked 
| 177|0x0000000719800000, 0x0000000719800000, 0x0000000719a00000|  0%| F|  |TAMS 0x0000000719800000| PB 0x0000000719800000| Untracked 
| 178|0x0000000719a00000, 0x0000000719a00000, 0x0000000719c00000|  0%| F|  |TAMS 0x0000000719a00000| PB 0x0000000719a00000| Untracked 
| 179|0x0000000719c00000, 0x0000000719c00000, 0x0000000719e00000|  0%| F|  |TAMS 0x0000000719c00000| PB 0x0000000719c00000| Untracked 
| 180|0x0000000719e00000, 0x0000000719e00000, 0x000000071a000000|  0%| F|  |TAMS 0x0000000719e00000| PB 0x0000000719e00000| Untracked 
| 181|0x000000071a000000, 0x000000071a000000, 0x000000071a200000|  0%| F|  |TAMS 0x000000071a000000| PB 0x000000071a000000| Untracked 
| 182|0x000000071a200000, 0x000000071a200000, 0x000000071a400000|  0%| F|  |TAMS 0x000000071a200000| PB 0x000000071a200000| Untracked 
| 183|0x000000071a400000, 0x000000071a400000, 0x000000071a600000|  0%| F|  |TAMS 0x000000071a400000| PB 0x000000071a400000| Untracked 
| 184|0x000000071a600000, 0x000000071a600000, 0x000000071a800000|  0%| F|  |TAMS 0x000000071a600000| PB 0x000000071a600000| Untracked 
| 185|0x000000071a800000, 0x000000071a800000, 0x000000071aa00000|  0%| F|  |TAMS 0x000000071a800000| PB 0x000000071a800000| Untracked 
| 186|0x000000071aa00000, 0x000000071aa00000, 0x000000071ac00000|  0%| F|  |TAMS 0x000000071aa00000| PB 0x000000071aa00000| Untracked 
| 187|0x000000071ac00000, 0x000000071ac00000, 0x000000071ae00000|  0%| F|  |TAMS 0x000000071ac00000| PB 0x000000071ac00000| Untracked 
| 188|0x000000071ae00000, 0x000000071ae00000, 0x000000071b000000|  0%| F|  |TAMS 0x000000071ae00000| PB 0x000000071ae00000| Untracked 
| 189|0x000000071b000000, 0x000000071b000000, 0x000000071b200000|  0%| F|  |TAMS 0x000000071b000000| PB 0x000000071b000000| Untracked 
| 190|0x000000071b200000, 0x000000071b200000, 0x000000071b400000|  0%| F|  |TAMS 0x000000071b200000| PB 0x000000071b200000| Untracked 
| 191|0x000000071b400000, 0x000000071b400000, 0x000000071b600000|  0%| F|  |TAMS 0x000000071b400000| PB 0x000000071b400000| Untracked 
| 192|0x000000071b600000, 0x000000071b600000, 0x000000071b800000|  0%| F|  |TAMS 0x000000071b600000| PB 0x000000071b600000| Untracked 
| 193|0x000000071b800000, 0x000000071b800000, 0x000000071ba00000|  0%| F|  |TAMS 0x000000071b800000| PB 0x000000071b800000| Untracked 
| 194|0x000000071ba00000, 0x000000071ba00000, 0x000000071bc00000|  0%| F|  |TAMS 0x000000071ba00000| PB 0x000000071ba00000| Untracked 
| 195|0x000000071bc00000, 0x000000071bc00000, 0x000000071be00000|  0%| F|  |TAMS 0x000000071bc00000| PB 0x000000071bc00000| Untracked 
| 196|0x000000071be00000, 0x000000071be00000, 0x000000071c000000|  0%| F|  |TAMS 0x000000071be00000| PB 0x000000071be00000| Untracked 
| 197|0x000000071c000000, 0x000000071c000000, 0x000000071c200000|  0%| F|  |TAMS 0x000000071c000000| PB 0x000000071c000000| Untracked 
| 198|0x000000071c200000, 0x000000071c200000, 0x000000071c400000|  0%| F|  |TAMS 0x000000071c200000| PB 0x000000071c200000| Untracked 
| 199|0x000000071c400000, 0x000000071c400000, 0x000000071c600000|  0%| F|  |TAMS 0x000000071c400000| PB 0x000000071c400000| Untracked 
| 200|0x000000071c600000, 0x000000071c600000, 0x000000071c800000|  0%| F|  |TAMS 0x000000071c600000| PB 0x000000071c600000| Untracked 
| 201|0x000000071c800000, 0x000000071c800000, 0x000000071ca00000|  0%| F|  |TAMS 0x000000071c800000| PB 0x000000071c800000| Untracked 
| 202|0x000000071ca00000, 0x000000071ca00000, 0x000000071cc00000|  0%| F|  |TAMS 0x000000071ca00000| PB 0x000000071ca00000| Untracked 
| 203|0x000000071cc00000, 0x000000071cc00000, 0x000000071ce00000|  0%| F|  |TAMS 0x000000071cc00000| PB 0x000000071cc00000| Untracked 
| 204|0x000000071ce00000, 0x000000071ce00000, 0x000000071d000000|  0%| F|  |TAMS 0x000000071ce00000| PB 0x000000071ce00000| Untracked 
| 205|0x000000071d000000, 0x000000071d000000, 0x000000071d200000|  0%| F|  |TAMS 0x000000071d000000| PB 0x000000071d000000| Untracked 
| 206|0x000000071d200000, 0x000000071d200000, 0x000000071d400000|  0%| F|  |TAMS 0x000000071d200000| PB 0x000000071d200000| Untracked 
| 207|0x000000071d400000, 0x000000071d400000, 0x000000071d600000|  0%| F|  |TAMS 0x000000071d400000| PB 0x000000071d400000| Untracked 
| 208|0x000000071d600000, 0x000000071d600000, 0x000000071d800000|  0%| F|  |TAMS 0x000000071d600000| PB 0x000000071d600000| Untracked 
| 209|0x000000071d800000, 0x000000071d800000, 0x000000071da00000|  0%| F|  |TAMS 0x000000071d800000| PB 0x000000071d800000| Untracked 
| 210|0x000000071da00000, 0x000000071da00000, 0x000000071dc00000|  0%| F|  |TAMS 0x000000071da00000| PB 0x000000071da00000| Untracked 
| 211|0x000000071dc00000, 0x000000071dc00000, 0x000000071de00000|  0%| F|  |TAMS 0x000000071dc00000| PB 0x000000071dc00000| Untracked 
| 212|0x000000071de00000, 0x000000071de00000, 0x000000071e000000|  0%| F|  |TAMS 0x000000071de00000| PB 0x000000071de00000| Untracked 
| 213|0x000000071e000000, 0x000000071e000000, 0x000000071e200000|  0%| F|  |TAMS 0x000000071e000000| PB 0x000000071e000000| Untracked 
| 214|0x000000071e200000, 0x000000071e200000, 0x000000071e400000|  0%| F|  |TAMS 0x000000071e200000| PB 0x000000071e200000| Untracked 
| 215|0x000000071e400000, 0x000000071e400000, 0x000000071e600000|  0%| F|  |TAMS 0x000000071e400000| PB 0x000000071e400000| Untracked 
| 216|0x000000071e600000, 0x000000071e600000, 0x000000071e800000|  0%| F|  |TAMS 0x000000071e600000| PB 0x000000071e600000| Untracked 
| 217|0x000000071e800000, 0x000000071e800000, 0x000000071ea00000|  0%| F|  |TAMS 0x000000071e800000| PB 0x000000071e800000| Untracked 
| 218|0x000000071ea00000, 0x000000071ea00000, 0x000000071ec00000|  0%| F|  |TAMS 0x000000071ea00000| PB 0x000000071ea00000| Untracked 
| 219|0x000000071ec00000, 0x000000071ec00000, 0x000000071ee00000|  0%| F|  |TAMS 0x000000071ec00000| PB 0x000000071ec00000| Untracked 
| 220|0x000000071ee00000, 0x000000071ee00000, 0x000000071f000000|  0%| F|  |TAMS 0x000000071ee00000| PB 0x000000071ee00000| Untracked 
| 221|0x000000071f000000, 0x000000071f000000, 0x000000071f200000|  0%| F|  |TAMS 0x000000071f000000| PB 0x000000071f000000| Untracked 
| 222|0x000000071f200000, 0x000000071f200000, 0x000000071f400000|  0%| F|  |TAMS 0x000000071f200000| PB 0x000000071f200000| Untracked 
| 223|0x000000071f400000, 0x000000071f400000, 0x000000071f600000|  0%| F|  |TAMS 0x000000071f400000| PB 0x000000071f400000| Untracked 
| 224|0x000000071f600000, 0x000000071f600000, 0x000000071f800000|  0%| F|  |TAMS 0x000000071f600000| PB 0x000000071f600000| Untracked 
| 225|0x000000071f800000, 0x000000071f800000, 0x000000071fa00000|  0%| F|  |TAMS 0x000000071f800000| PB 0x000000071f800000| Untracked 
| 226|0x000000071fa00000, 0x000000071fa00000, 0x000000071fc00000|  0%| F|  |TAMS 0x000000071fa00000| PB 0x000000071fa00000| Untracked 
| 227|0x000000071fc00000, 0x000000071fc00000, 0x000000071fe00000|  0%| F|  |TAMS 0x000000071fc00000| PB 0x000000071fc00000| Untracked 
| 228|0x000000071fe00000, 0x000000071fe00000, 0x0000000720000000|  0%| F|  |TAMS 0x000000071fe00000| PB 0x000000071fe00000| Untracked 
| 229|0x0000000720000000, 0x0000000720000000, 0x0000000720200000|  0%| F|  |TAMS 0x0000000720000000| PB 0x0000000720000000| Untracked 
| 230|0x0000000720200000, 0x0000000720200000, 0x0000000720400000|  0%| F|  |TAMS 0x0000000720200000| PB 0x0000000720200000| Untracked 
| 231|0x0000000720400000, 0x0000000720400000, 0x0000000720600000|  0%| F|  |TAMS 0x0000000720400000| PB 0x0000000720400000| Untracked 
| 232|0x0000000720600000, 0x0000000720600000, 0x0000000720800000|  0%| F|  |TAMS 0x0000000720600000| PB 0x0000000720600000| Untracked 
| 233|0x0000000720800000, 0x0000000720800000, 0x0000000720a00000|  0%| F|  |TAMS 0x0000000720800000| PB 0x0000000720800000| Untracked 
| 234|0x0000000720a00000, 0x0000000720a00000, 0x0000000720c00000|  0%| F|  |TAMS 0x0000000720a00000| PB 0x0000000720a00000| Untracked 
| 235|0x0000000720c00000, 0x0000000720c00000, 0x0000000720e00000|  0%| F|  |TAMS 0x0000000720c00000| PB 0x0000000720c00000| Untracked 
| 236|0x0000000720e00000, 0x0000000720e00000, 0x0000000721000000|  0%| F|  |TAMS 0x0000000720e00000| PB 0x0000000720e00000| Untracked 
| 237|0x0000000721000000, 0x0000000721000000, 0x0000000721200000|  0%| F|  |TAMS 0x0000000721000000| PB 0x0000000721000000| Untracked 
| 238|0x0000000721200000, 0x0000000721200000, 0x0000000721400000|  0%| F|  |TAMS 0x0000000721200000| PB 0x0000000721200000| Untracked 
| 239|0x0000000721400000, 0x0000000721400000, 0x0000000721600000|  0%| F|  |TAMS 0x0000000721400000| PB 0x0000000721400000| Untracked 
| 240|0x0000000721600000, 0x0000000721600000, 0x0000000721800000|  0%| F|  |TAMS 0x0000000721600000| PB 0x0000000721600000| Untracked 
| 241|0x0000000721800000, 0x0000000721800000, 0x0000000721a00000|  0%| F|  |TAMS 0x0000000721800000| PB 0x0000000721800000| Untracked 
| 242|0x0000000721a00000, 0x0000000721a00000, 0x0000000721c00000|  0%| F|  |TAMS 0x0000000721a00000| PB 0x0000000721a00000| Untracked 
| 243|0x0000000721c00000, 0x0000000721c00000, 0x0000000721e00000|  0%| F|  |TAMS 0x0000000721c00000| PB 0x0000000721c00000| Untracked 
| 244|0x0000000721e00000, 0x0000000721e00000, 0x0000000722000000|  0%| F|  |TAMS 0x0000000721e00000| PB 0x0000000721e00000| Untracked 
| 245|0x0000000722000000, 0x0000000722000000, 0x0000000722200000|  0%| F|  |TAMS 0x0000000722000000| PB 0x0000000722000000| Untracked 
| 246|0x0000000722200000, 0x0000000722200000, 0x0000000722400000|  0%| F|  |TAMS 0x0000000722200000| PB 0x0000000722200000| Untracked 
| 247|0x0000000722400000, 0x0000000722400000, 0x0000000722600000|  0%| F|  |TAMS 0x0000000722400000| PB 0x0000000722400000| Untracked 
| 248|0x0000000722600000, 0x0000000722600000, 0x0000000722800000|  0%| F|  |TAMS 0x0000000722600000| PB 0x0000000722600000| Untracked 
| 249|0x0000000722800000, 0x0000000722800000, 0x0000000722a00000|  0%| F|  |TAMS 0x0000000722800000| PB 0x0000000722800000| Untracked 
|2019|0x00000007ffc00000, 0x00000007ffe00000, 0x00000007ffe00000|100%| O|  |TAMS 0x00000007ffc00000| PB 0x00000007ffc00000| Untracked 
|2020|0x00000007ffe00000, 0x00000007ffe00000, 0x0000000800000000|  0%| F|  |TAMS 0x00000007ffe00000| PB 0x00000007ffe00000| Untracked 

Card table byte_map: [0x00000238c0610000,0x00000238c0e00000] _byte_map_base: 0x00000238bcdf5000

Marking Bits: (CMBitMap*) 0x00000238ada026b0
 Bits: [0x00000238c0e00000, 0x00000238c4d28000)

Polling page: 0x00000238ab770000

Metaspace:

Usage:
  Non-class:     78.43 MB used.
      Class:      9.33 MB used.
       Both:     87.76 MB used.

Virtual space:
  Non-class space:      128.00 MB reserved,      78.88 MB ( 62%) committed,  2 nodes.
      Class space:        1.00 GB reserved,       9.75 MB ( <1%) committed,  1 nodes.
             Both:        1.12 GB reserved,      88.62 MB (  8%) committed. 

Chunk freelists:
   Non-Class:  1008.00 KB
       Class:  6.17 MB
        Both:  7.16 MB

MaxMetaspaceSize: unlimited
CompressedClassSpaceSize: 1.00 GB
Initial GC threshold: 21.00 MB
Current GC threshold: 129.50 MB
CDS: off
 - commit_granule_bytes: 65536.
 - commit_granule_words: 8192.
 - virtual_space_node_default_size: 8388608.
 - enlarge_chunks_in_place: 1.
 - use_allocation_guard: 0.


Internal statistics:

num_allocs_failed_limit: 6.
num_arena_births: 1554.
num_arena_deaths: 0.
num_vsnodes_births: 3.
num_vsnodes_deaths: 0.
num_space_committed: 1413.
num_space_uncommitted: 0.
num_chunks_returned_to_freelist: 6.
num_chunks_taken_from_freelist: 4674.
num_chunk_merges: 6.
num_chunk_splits: 3586.
num_chunks_enlarged: 2832.
num_inconsistent_stats: 0.

CodeHeap 'non-profiled nmethods': size=120000Kb used=22516Kb max_used=22516Kb free=97483Kb
 bounds [0x00000238b85c0000, 0x00000238b9bc0000, 0x00000238bfaf0000]
CodeHeap 'profiled nmethods': size=120000Kb used=48290Kb max_used=48290Kb free=71709Kb
 bounds [0x00000238b0af0000, 0x00000238b3a30000, 0x00000238b8020000]
CodeHeap 'non-nmethods': size=5760Kb used=1954Kb max_used=2011Kb free=3805Kb
 bounds [0x00000238b8020000, 0x00000238b8290000, 0x00000238b85c0000]
CodeCache: size=245760Kb, used=72760Kb, max_used=72817Kb, free=172997Kb
 total_blobs=16694, nmethods=15938, adapters=651, full_count=0
Compilation: enabled, stopped_count=0, restarted_count=0

Compilation events (20 events):
Event: 58.433 Thread 0x00000238c79c65b0 nmethod 25642 0x00000238b9bbae90 code [0x00000238b9bbb020, 0x00000238b9bbb0d8]
Event: 58.434 Thread 0x00000238c79c9470 nmethod 25643 0x00000238b3a1c390 code [0x00000238b3a1c640, 0x00000238b3a1d300]
Event: 58.434 Thread 0x00000238c79c9470 25644       3       org.jetbrains.kotlin.ir.util.SetDeclarationsParentVisitor::visitFunctionAccess (8 bytes)
Event: 58.434 Thread 0x00000238c79c65b0 25648       4       org.jetbrains.kotlin.backend.jvm.ir.IrInlineReferenceLocator::visitSimpleFunction (8 bytes)
Event: 58.434 Thread 0x00000238c79c9470 nmethod 25644 0x00000238b3a1d710 code [0x00000238b3a1d9e0, 0x00000238b3a1e7f8]
Event: 58.434 Thread 0x00000238c79c9470 25645       3       org.jetbrains.kotlin.backend.jvm.ir.IrInlineReferenceLocator::visitBlock (13 bytes)
Event: 58.434 Thread 0x00000238cde11ed0 nmethod 25607 0x00000238b9bbb210 code [0x00000238b9bbb4c0, 0x00000238b9bbbea0]
Event: 58.434 Thread 0x00000238c79c9470 nmethod 25645 0x00000238b3a1ec90 code [0x00000238b3a1ee40, 0x00000238b3a1f120]
Event: 58.434 Thread 0x00000238c79c9470 25646       3       org.jetbrains.kotlin.backend.jvm.ir.IrInlineReferenceLocator::visitComposite (13 bytes)
Event: 58.434 Thread 0x00000238cde11ed0 25649       4       org.jetbrains.kotlin.backend.jvm.ir.IrInlineReferenceLocator::visitFunction (13 bytes)
Event: 58.434 Thread 0x00000238c79c65b0 nmethod 25648 0x00000238b9bbc690 code [0x00000238b9bbc820, 0x00000238b9bbc8f8]
Event: 58.434 Thread 0x00000238c79c65b0 25650       4       org.jetbrains.kotlin.backend.jvm.ir.IrInlineReferenceLocator::visitCall (8 bytes)
Event: 58.435 Thread 0x00000238c79c9470 nmethod 25646 0x00000238b3a1f210 code [0x00000238b3a1f460, 0x00000238b3a1fd68]
Event: 58.435 Thread 0x00000238c79c9470 25647       3       org.jetbrains.kotlin.backend.jvm.ir.IrInlineReferenceLocator::visitComposite (8 bytes)
Event: 58.435 Thread 0x00000238c79c9470 nmethod 25647 0x00000238b3a20090 code [0x00000238b3a202c0, 0x00000238b3a209d0]
Event: 58.435 Thread 0x00000238c79c9470 25653       3       org.jetbrains.kotlin.backend.jvm.ir.IrInlineReferenceLocator::visitVariable (13 bytes)
Event: 58.435 Thread 0x00000238cde11ed0 nmethod 25649 0x00000238b9bbca10 code [0x00000238b9bbcba0, 0x00000238b9bbccf0]
Event: 58.436 Thread 0x00000238c79c65b0 nmethod 25650 0x00000238b9bbce10 code [0x00000238b9bbcfc0, 0x00000238b9bbd138]
Event: 58.436 Thread 0x00000238c79c9470 nmethod 25653 0x00000238b3a20c90 code [0x00000238b3a20ee0, 0x00000238b3a217e8]
Event: 58.436 Thread 0x00000238c79c9470 25654       3       org.jetbrains.kotlin.backend.jvm.ir.IrInlineReferenceLocator::visitVariable (8 bytes)

GC Heap History (20 events):
Event: 44.201 GC heap after
{Heap after GC invocations=42 (full 0):
 garbage-first heap   total 438272K, used 241999K [0x0000000703600000, 0x0000000800000000)
  region size 2048K, 10 young (20480K), 10 survivors (20480K)
 Metaspace       used 70157K, committed 70848K, reserved 1114112K
  class space    used 7721K, committed 8064K, reserved 1048576K
}
Event: 45.646 GC heap before
{Heap before GC invocations=42 (full 0):
 garbage-first heap   total 438272K, used 391503K [0x0000000703600000, 0x0000000800000000)
  region size 2048K, 83 young (169984K), 10 survivors (20480K)
 Metaspace       used 70195K, committed 70912K, reserved 1114112K
  class space    used 7722K, committed 8064K, reserved 1048576K
}
Event: 45.683 GC heap after
{Heap after GC invocations=43 (full 0):
 garbage-first heap   total 438272K, used 250721K [0x0000000703600000, 0x0000000800000000)
  region size 2048K, 6 young (12288K), 6 survivors (12288K)
 Metaspace       used 70195K, committed 70912K, reserved 1114112K
  class space    used 7722K, committed 8064K, reserved 1048576K
}
Event: 47.267 GC heap before
{Heap before GC invocations=43 (full 0):
 garbage-first heap   total 438272K, used 400225K [0x0000000703600000, 0x0000000800000000)
  region size 2048K, 79 young (161792K), 6 survivors (12288K)
 Metaspace       used 70243K, committed 70912K, reserved 1114112K
  class space    used 7722K, committed 8064K, reserved 1048576K
}
Event: 47.283 GC heap after
{Heap after GC invocations=44 (full 0):
 garbage-first heap   total 438272K, used 257049K [0x0000000703600000, 0x0000000800000000)
  region size 2048K, 9 young (18432K), 9 survivors (18432K)
 Metaspace       used 70243K, committed 70912K, reserved 1114112K
  class space    used 7722K, committed 8064K, reserved 1048576K
}
Event: 48.527 GC heap before
{Heap before GC invocations=45 (full 0):
 garbage-first heap   total 438272K, used 394265K [0x0000000703600000, 0x0000000800000000)
  region size 2048K, 76 young (155648K), 9 survivors (18432K)
 Metaspace       used 70273K, committed 70976K, reserved 1114112K
  class space    used 7723K, committed 8064K, reserved 1048576K
}
Event: 48.550 GC heap after
{Heap after GC invocations=46 (full 0):
 garbage-first heap   total 438272K, used 266521K [0x0000000703600000, 0x0000000800000000)
  region size 2048K, 9 young (18432K), 9 survivors (18432K)
 Metaspace       used 70273K, committed 70976K, reserved 1114112K
  class space    used 7723K, committed 8064K, reserved 1048576K
}
Event: 49.516 GC heap before
{Heap before GC invocations=46 (full 0):
 garbage-first heap   total 438272K, used 393497K [0x0000000703600000, 0x0000000800000000)
  region size 2048K, 71 young (145408K), 9 survivors (18432K)
 Metaspace       used 70842K, committed 71552K, reserved 1114112K
  class space    used 7754K, committed 8128K, reserved 1048576K
}
Event: 49.540 GC heap after
{Heap after GC invocations=47 (full 0):
 garbage-first heap   total 438272K, used 267840K [0x0000000703600000, 0x0000000800000000)
  region size 2048K, 7 young (14336K), 7 survivors (14336K)
 Metaspace       used 70842K, committed 71552K, reserved 1114112K
  class space    used 7754K, committed 8128K, reserved 1048576K
}
Event: 50.211 GC heap before
{Heap before GC invocations=47 (full 0):
 garbage-first heap   total 438272K, used 396864K [0x0000000703600000, 0x0000000800000000)
  region size 2048K, 70 young (143360K), 7 survivors (14336K)
 Metaspace       used 70875K, committed 71616K, reserved 1114112K
  class space    used 7754K, committed 8128K, reserved 1048576K
}
Event: 50.226 GC heap after
{Heap after GC invocations=48 (full 0):
 garbage-first heap   total 438272K, used 272069K [0x0000000703600000, 0x0000000800000000)
  region size 2048K, 4 young (8192K), 4 survivors (8192K)
 Metaspace       used 70875K, committed 71616K, reserved 1114112K
  class space    used 7754K, committed 8128K, reserved 1048576K
}
Event: 51.785 GC heap before
{Heap before GC invocations=49 (full 0):
 garbage-first heap   total 454656K, used 405189K [0x0000000703600000, 0x0000000800000000)
  region size 2048K, 69 young (141312K), 4 survivors (8192K)
 Metaspace       used 72501K, committed 73280K, reserved 1114112K
  class space    used 7952K, committed 8320K, reserved 1048576K
}
Event: 51.797 GC heap after
{Heap after GC invocations=50 (full 0):
 garbage-first heap   total 454656K, used 275143K [0x0000000703600000, 0x0000000800000000)
  region size 2048K, 6 young (12288K), 6 survivors (12288K)
 Metaspace       used 72501K, committed 73280K, reserved 1114112K
  class space    used 7952K, committed 8320K, reserved 1048576K
}
Event: 54.113 GC heap before
{Heap before GC invocations=50 (full 0):
 garbage-first heap   total 454656K, used 416455K [0x0000000703600000, 0x0000000800000000)
  region size 2048K, 75 young (153600K), 6 survivors (12288K)
 Metaspace       used 78529K, committed 79424K, reserved 1179648K
  class space    used 8485K, committed 8896K, reserved 1048576K
}
Event: 54.139 GC heap after
{Heap after GC invocations=51 (full 0):
 garbage-first heap   total 454656K, used 287051K [0x0000000703600000, 0x0000000800000000)
  region size 2048K, 10 young (20480K), 10 survivors (20480K)
 Metaspace       used 78529K, committed 79424K, reserved 1179648K
  class space    used 8485K, committed 8896K, reserved 1048576K
}
Event: 55.133 GC heap before
{Heap before GC invocations=51 (full 0):
 garbage-first heap   total 454656K, used 407883K [0x0000000703600000, 0x0000000800000000)
  region size 2048K, 69 young (141312K), 10 survivors (20480K)
 Metaspace       used 78650K, committed 79488K, reserved 1179648K
  class space    used 8487K, committed 8896K, reserved 1048576K
}
Event: 55.164 GC heap after
{Heap after GC invocations=52 (full 0):
 garbage-first heap   total 454656K, used 307704K [0x0000000703600000, 0x0000000800000000)
  region size 2048K, 9 young (18432K), 9 survivors (18432K)
 Metaspace       used 78650K, committed 79488K, reserved 1179648K
  class space    used 8487K, committed 8896K, reserved 1048576K
}
Event: 56.315 GC heap before
{Heap before GC invocations=53 (full 0):
 garbage-first heap   total 516096K, used 406008K [0x0000000703600000, 0x0000000800000000)
  region size 2048K, 57 young (116736K), 9 survivors (18432K)
 Metaspace       used 81194K, committed 82048K, reserved 1179648K
  class space    used 8789K, committed 9216K, reserved 1048576K
}
Event: 56.334 GC heap after
{Heap after GC invocations=54 (full 0):
 garbage-first heap   total 516096K, used 324584K [0x0000000703600000, 0x0000000800000000)
  region size 2048K, 8 young (16384K), 8 survivors (16384K)
 Metaspace       used 81194K, committed 82048K, reserved 1179648K
  class space    used 8789K, committed 9216K, reserved 1048576K
}
Event: 58.436 GC heap before
{Heap before GC invocations=54 (full 0):
 garbage-first heap   total 516096K, used 465896K [0x0000000703600000, 0x0000000800000000)
  region size 2048K, 77 young (157696K), 8 survivors (16384K)
 Metaspace       used 89865K, committed 90752K, reserved 1179648K
  class space    used 9556K, committed 9984K, reserved 1048576K
}

Dll operation events (3 events):
Event: 0.009 Loaded shared library C:\Program Files\Android\Android Studio\jbr\bin\java.dll
Event: 0.015 Loaded shared library C:\Program Files\Android\Android Studio\jbr\bin\zip.dll
Event: 1.556 Loaded shared library C:\Program Files\Android\Android Studio\jbr\bin\verify.dll

Deoptimization events (20 events):
Event: 58.327 Thread 0x00000238ab5f2490 Uncommon trap: trap_request=0xffffffc6 fr.pc=0x00000238b8b57b94 relative=0x0000000000001014
Event: 58.327 Thread 0x00000238ab5f2490 Uncommon trap: reason=bimorphic_or_optimized_type_check action=maybe_recompile pc=0x00000238b8b57b94 method=gnu.trove.TObjectHash.index(Ljava/lang/Object;)I @ 22 c2
Event: 58.327 Thread 0x00000238ab5f2490 DEOPT PACKING pc=0x00000238b8b57b94 sp=0x0000006f247fc7b0
Event: 58.327 Thread 0x00000238ab5f2490 DEOPT UNPACKING pc=0x00000238b8077da2 sp=0x0000006f247fc748 mode 2
Event: 58.327 Thread 0x00000238ab5f2490 Uncommon trap: trap_request=0xffffffc6 fr.pc=0x00000238b8b57b94 relative=0x0000000000001014
Event: 58.327 Thread 0x00000238ab5f2490 Uncommon trap: reason=bimorphic_or_optimized_type_check action=maybe_recompile pc=0x00000238b8b57b94 method=gnu.trove.TObjectHash.index(Ljava/lang/Object;)I @ 22 c2
Event: 58.327 Thread 0x00000238ab5f2490 DEOPT PACKING pc=0x00000238b8b57b94 sp=0x0000006f247fc7b0
Event: 58.327 Thread 0x00000238ab5f2490 DEOPT UNPACKING pc=0x00000238b8077da2 sp=0x0000006f247fc748 mode 2
Event: 58.383 Thread 0x00000238ab5f2490 Uncommon trap: trap_request=0xffffffc6 fr.pc=0x00000238b9b5d4dc relative=0x0000000000000abc
Event: 58.383 Thread 0x00000238ab5f2490 Uncommon trap: reason=bimorphic_or_optimized_type_check action=maybe_recompile pc=0x00000238b9b5d4dc method=org.jetbrains.kotlin.ir.util.AdditionalIrUtilsKt.hasEqualFqName(Lorg/jetbrains/kotlin/ir/declarations/IrDeclarationWithName;Lorg/jetbrains/kotlin/n
Event: 58.383 Thread 0x00000238ab5f2490 DEOPT PACKING pc=0x00000238b9b5d4dc sp=0x0000006f247fc970
Event: 58.383 Thread 0x00000238ab5f2490 DEOPT UNPACKING pc=0x00000238b8077da2 sp=0x0000006f247fc958 mode 2
Event: 58.383 Thread 0x00000238ab5f2490 Uncommon trap: trap_request=0xffffffc6 fr.pc=0x00000238b9b5d4dc relative=0x0000000000000abc
Event: 58.383 Thread 0x00000238ab5f2490 Uncommon trap: reason=bimorphic_or_optimized_type_check action=maybe_recompile pc=0x00000238b9b5d4dc method=org.jetbrains.kotlin.ir.util.AdditionalIrUtilsKt.hasEqualFqName(Lorg/jetbrains/kotlin/ir/declarations/IrDeclarationWithName;Lorg/jetbrains/kotlin/n
Event: 58.383 Thread 0x00000238ab5f2490 DEOPT PACKING pc=0x00000238b9b5d4dc sp=0x0000006f247fc900
Event: 58.383 Thread 0x00000238ab5f2490 DEOPT UNPACKING pc=0x00000238b8077da2 sp=0x0000006f247fc8e8 mode 2
Event: 58.415 Thread 0x00000238ab5f2490 Uncommon trap: trap_request=0xffffffc6 fr.pc=0x00000238b9adfd64 relative=0x00000000000006e4
Event: 58.415 Thread 0x00000238ab5f2490 Uncommon trap: reason=bimorphic_or_optimized_type_check action=maybe_recompile pc=0x00000238b9adfd64 method=org.jetbrains.kotlin.ir.expressions.impl.IrConstructorCallImpl$Companion.fromSymbolOwner(IILorg/jetbrains/kotlin/ir/types/IrType;Lorg/jetbrains/kot
Event: 58.415 Thread 0x00000238ab5f2490 DEOPT PACKING pc=0x00000238b9adfd64 sp=0x0000006f247fcab0
Event: 58.415 Thread 0x00000238ab5f2490 DEOPT UNPACKING pc=0x00000238b8077da2 sp=0x0000006f247fca70 mode 2

Classes loaded (20 events):
Event: 51.584 Loading class java/text/Format done
Event: 51.584 Loading class java/text/MessageFormat done
Event: 51.589 Loading class jdk/internal/reflect/MethodHandleBooleanFieldAccessorImpl
Event: 51.589 Loading class jdk/internal/reflect/MethodHandleBooleanFieldAccessorImpl done
Event: 51.623 Loading class java/text/ChoiceFormat
Event: 51.623 Loading class java/text/NumberFormat
Event: 51.624 Loading class java/text/NumberFormat done
Event: 51.624 Loading class java/text/ChoiceFormat done
Event: 51.633 Loading class java/lang/invoke/DirectMethodHandle$1
Event: 51.633 Loading class java/lang/invoke/DirectMethodHandle$1 done
Event: 51.642 Loading class java/text/FieldPosition
Event: 51.642 Loading class java/text/FieldPosition done
Event: 51.642 Loading class java/util/Date
Event: 51.643 Loading class java/util/Date done
Event: 51.643 Loading class java/text/MessageFormat$Field
Event: 51.643 Loading class java/text/Format$Field
Event: 51.643 Loading class java/text/AttributedCharacterIterator$Attribute
Event: 51.643 Loading class java/text/AttributedCharacterIterator$Attribute done
Event: 51.643 Loading class java/text/Format$Field done
Event: 51.643 Loading class java/text/MessageFormat$Field done

Classes unloaded (0 events):
No events

Classes redefined (0 events):
No events

Internal exceptions (20 events):
Event: 30.337 Thread 0x00000238ab5f2490 Implicit null exception at 0x00000238b88d8557 to 0x00000238b88d8a78
Event: 30.337 Thread 0x00000238ab5f2490 Implicit null exception at 0x00000238b94e5b4f to 0x00000238b94e7570
Event: 30.340 Thread 0x00000238ab5f2490 Implicit null exception at 0x00000238b95decbf to 0x00000238b95e37a4
Event: 39.504 Thread 0x00000238ab5f2490 Implicit null exception at 0x00000238b9490fc3 to 0x00000238b949ad94
Event: 39.701 Thread 0x00000238ab5f2490 Implicit null exception at 0x00000238b946db8b to 0x00000238b94714b0
Event: 43.594 Thread 0x00000238ab5f2490 Implicit null exception at 0x00000238b8639f1f to 0x00000238b863a188
Event: 50.582 Thread 0x00000238ab5f2490 Implicit null exception at 0x00000238b9773ad5 to 0x00000238b97779f4
Event: 51.552 Thread 0x00000238ab5f2490 Implicit null exception at 0x00000238b91c4c41 to 0x00000238b91c4dc8
Event: 51.590 Thread 0x00000238ab5f2490 Exception <a 'java/lang/NoSuchMethodError'{0x0000000717b90c78}: 'int java.lang.invoke.Invokers$Holder.invokeExact_MT(java.lang.Object, java.lang.Object, java.lang.Object)'> (0x0000000717b90c78) 
thrown [s\src\hotspot\share\interpreter\linkResolver.cpp, line 784]
Event: 51.591 Thread 0x00000238ab5f2490 Exception <a 'java/lang/NoSuchMethodError'{0x0000000717b953b0}: 'void java.lang.invoke.Invokers$Holder.invokeExact_MT(java.lang.Object, java.lang.Object, java.lang.Object, java.lang.Object)'> (0x0000000717b953b0) 
thrown [s\src\hotspot\share\interpreter\linkResolver.cpp, line 784]
Event: 51.600 Thread 0x00000238ab5f2490 Implicit null exception at 0x00000238b88fffde to 0x00000238b890087c
Event: 51.615 Thread 0x00000238ab5f2490 Exception <a 'java/lang/NoSuchMethodError'{0x00000007178b8ae8}: 'java.lang.Object java.lang.invoke.DirectMethodHandle$Holder.invokeStaticInit(java.lang.Object, java.lang.Object, java.lang.Object, java.lang.Object)'> (0x00000007178b8ae8) 
thrown [s\src\hotspot\share\interpreter\linkResolver.cpp, line 784]
Event: 52.056 Thread 0x00000238ab5f2490 Exception <a 'java/lang/NoSuchMethodError'{0x000000071da1dd58}: 'java.lang.Object java.lang.invoke.DirectMethodHandle$Holder.newInvokeSpecial(java.lang.Object, java.lang.Object, java.lang.Object, int, int)'> (0x000000071da1dd58) 
thrown [s\src\hotspot\share\interpreter\linkResolver.cpp, line 784]
Event: 52.056 Thread 0x00000238ab5f2490 Exception <a 'java/lang/NoSuchMethodError'{0x000000071da21938}: 'java.lang.Object java.lang.invoke.DirectMethodHandle$Holder.invokeSpecial(java.lang.Object, java.lang.Object, java.lang.Object, java.lang.Object, int, int)'> (0x000000071da21938) 
thrown [s\src\hotspot\share\interpreter\linkResolver.cpp, line 784]
Event: 52.105 Thread 0x00000238ab5f2490 Exception <a 'java/lang/NoSuchMethodError'{0x000000071d83ce80}: 'java.lang.Object java.lang.invoke.Invokers$Holder.linkToTargetMethod(java.lang.Object, java.lang.Object, int, int, java.lang.Object, java.lang.Object, java.lang.Object, java.lang.Object, java.lang.Object)'> (0x000000071d83ce80) 
thrown [s\src\hotspot\share\interpreter\linkResolver.cpp, line 784]
Event: 52.461 Thread 0x00000238ab5f2490 Exception <a 'java/lang/NoSuchMethodError'{0x000000071cf23130}: 'java.lang.Object java.lang.invoke.DirectMethodHandle$Holder.newInvokeSpecial(java.lang.Object, java.lang.Object, int, int, java.lang.Object, java.lang.Object, java.lang.Object)'> (0x000000071cf23130) 
thrown [s\src\hotspot\share\interpreter\linkResolver.cpp, line 784]
Event: 52.461 Thread 0x00000238ab5f2490 Exception <a 'java/lang/NoSuchMethodError'{0x000000071cf27a40}: 'java.lang.Object java.lang.invoke.DirectMethodHandle$Holder.invokeSpecial(java.lang.Object, java.lang.Object, java.lang.Object, int, int, java.lang.Object, java.lang.Object, java.lang.Object)'> (0x000000071cf27a40) 
thrown [s\src\hotspot\share\interpreter\linkResolver.cpp, line 784]
Event: 52.808 Thread 0x00000238ab5f2490 Exception <a 'java/lang/NoSuchMethodError'{0x000000071c77cbd8}: 'java.lang.Object java.lang.invoke.DirectMethodHandle$Holder.invokeStatic(java.lang.Object, java.lang.Object, java.lang.Object, int, int, java.lang.Object, java.lang.Object, java.lang.Object, java.lang.Object)'> (0x000000071c77cbd8) 
thrown [s\src\hotspot\share\interpreter\linkResolver.cpp, line 784]
Event: 52.808 Thread 0x00000238ab5f2490 Exception <a 'java/lang/NoSuchMethodError'{0x000000071c785778}: 'java.lang.Object java.lang.invoke.DirectMethodHandle$Holder.newInvokeSpecial(java.lang.Object, java.lang.Object, java.lang.Object, int, int, java.lang.Object)'> (0x000000071c785778) 
thrown [s\src\hotspot\share\interpreter\linkResolver.cpp, line 784]
Event: 52.809 Thread 0x00000238ab5f2490 Exception <a 'java/lang/NoSuchMethodError'{0x000000071c78cc60}: 'java.lang.Object java.lang.invoke.Invokers$Holder.linkToTargetMethod(java.lang.Object, java.lang.Object, int, int, java.lang.Object, java.lang.Object)'> (0x000000071c78cc60) 
thrown [s\src\hotspot\share\interpreter\linkResolver.cpp, line 784]

ZGC Phase Switch (0 events):
No events

VM Operations (20 events):
Event: 57.750 Executing VM operation: ICBufferFull done
Event: 57.773 Executing VM operation: HandshakeAllThreads (Deoptimize)
Event: 57.773 Executing VM operation: HandshakeAllThreads (Deoptimize) done
Event: 57.777 Executing VM operation: HandshakeAllThreads (Deoptimize)
Event: 57.777 Executing VM operation: HandshakeAllThreads (Deoptimize) done
Event: 57.796 Executing VM operation: HandshakeAllThreads (Deoptimize)
Event: 57.796 Executing VM operation: HandshakeAllThreads (Deoptimize) done
Event: 57.859 Executing VM operation: ICBufferFull
Event: 57.859 Executing VM operation: ICBufferFull done
Event: 57.949 Executing VM operation: ICBufferFull
Event: 57.949 Executing VM operation: ICBufferFull done
Event: 58.062 Executing VM operation: ICBufferFull
Event: 58.062 Executing VM operation: ICBufferFull done
Event: 58.161 Executing VM operation: ICBufferFull
Event: 58.161 Executing VM operation: ICBufferFull done
Event: 58.278 Executing VM operation: HandshakeAllThreads (Deoptimize)
Event: 58.278 Executing VM operation: HandshakeAllThreads (Deoptimize) done
Event: 58.328 Executing VM operation: ICBufferFull
Event: 58.328 Executing VM operation: ICBufferFull done
Event: 58.436 Executing VM operation: G1CollectForAllocation (G1 Evacuation Pause)

Memory protections (0 events):
No events

Nmethod flushes (20 events):
Event: 55.712 Thread 0x00000238c7934fe0 flushing  nmethod 0x00000238b20d8810
Event: 55.712 Thread 0x00000238c7934fe0 flushing  nmethod 0x00000238b2240010
Event: 55.712 Thread 0x00000238c7934fe0 flushing  nmethod 0x00000238b25c5a90
Event: 55.712 Thread 0x00000238c7934fe0 flushing  nmethod 0x00000238b25cbf90
Event: 55.712 Thread 0x00000238c7934fe0 flushing  nmethod 0x00000238b2720510
Event: 55.712 Thread 0x00000238c7934fe0 flushing  nmethod 0x00000238b2a90a90
Event: 55.712 Thread 0x00000238c7934fe0 flushing  nmethod 0x00000238b2b5c590
Event: 55.712 Thread 0x00000238c7934fe0 flushing  nmethod 0x00000238b2c30010
Event: 55.712 Thread 0x00000238c7934fe0 flushing  nmethod 0x00000238b2c77d10
Event: 55.712 Thread 0x00000238c7934fe0 flushing  nmethod 0x00000238b2dbf690
Event: 55.712 Thread 0x00000238c7934fe0 flushing  nmethod 0x00000238b2dce390
Event: 55.712 Thread 0x00000238c7934fe0 flushing  nmethod 0x00000238b2dd9c90
Event: 55.712 Thread 0x00000238c7934fe0 flushing  nmethod 0x00000238b2e79090
Event: 55.712 Thread 0x00000238c7934fe0 flushing  nmethod 0x00000238b3027510
Event: 55.712 Thread 0x00000238c7934fe0 flushing  nmethod 0x00000238b33cfd10
Event: 55.712 Thread 0x00000238c7934fe0 flushing  nmethod 0x00000238b33d1790
Event: 55.712 Thread 0x00000238c7934fe0 flushing  nmethod 0x00000238b3458c10
Event: 55.712 Thread 0x00000238c7934fe0 flushing  nmethod 0x00000238b345d690
Event: 55.712 Thread 0x00000238c7934fe0 flushing  nmethod 0x00000238b34ec690
Event: 55.712 Thread 0x00000238c7934fe0 flushing  nmethod 0x00000238b356fa90

Events (20 events):
Event: 2.998 Thread 0x00000238c79c9470 Thread added: 0x00000238ce09cdc0
Event: 3.085 Thread 0x00000238c79c65b0 Thread added: 0x00000238ce6fac90
Event: 17.853 Thread 0x00000238ce6fac90 Thread exited: 0x00000238ce6fac90
Event: 17.953 Thread 0x00000238ce09cdc0 Thread exited: 0x00000238ce09cdc0
Event: 18.082 Thread 0x00000238c79c9470 Thread added: 0x00000238ceedd9c0
Event: 18.244 Thread 0x00000238c79c9470 Thread added: 0x00000238ceedb0e0
Event: 22.232 Thread 0x00000238ceedb0e0 Thread exited: 0x00000238ceedb0e0
Event: 22.684 Thread 0x00000238c79c9470 Thread added: 0x00000238ceedcc20
Event: 35.375 Thread 0x00000238ceedcc20 Thread exited: 0x00000238ceedcc20
Event: 35.981 Thread 0x00000238c79c65b0 Thread added: 0x00000238cde0cd10
Event: 41.026 Thread 0x00000238cde0cd10 Thread exited: 0x00000238cde0cd10
Event: 42.031 Thread 0x00000238ceedd9c0 Thread exited: 0x00000238ceedd9c0
Event: 42.299 Thread 0x00000238c79c9470 Thread added: 0x00000238cde11ed0
Event: 44.832 Thread 0x00000238cde11ed0 Thread added: 0x00000238cde125a0
Event: 45.569 Thread 0x00000238cde125a0 Thread exited: 0x00000238cde125a0
Event: 46.950 Thread 0x00000238cde11ed0 Thread exited: 0x00000238cde11ed0
Event: 47.950 Thread 0x00000238c79c9470 Thread added: 0x00000238cde11ed0
Event: 48.552 Thread 0x00000238cde11ed0 Thread exited: 0x00000238cde11ed0
Event: 48.690 Thread 0x00000238c79c9470 Thread added: 0x00000238cde10a60
Event: 48.712 Thread 0x00000238c79c9470 Thread added: 0x00000238cde11ed0


Dynamic libraries:
0x00007ff784be0000 - 0x00007ff784bea000 	C:\Program Files\Android\Android Studio\jbr\bin\java.exe
0x00007ffcd3300000 - 0x00007ffcd3568000 	C:\WINDOWS\SYSTEM32\ntdll.dll
0x00007ffcd1f10000 - 0x00007ffcd1fd9000 	C:\WINDOWS\System32\KERNEL32.DLL
0x00007ffcd0450000 - 0x00007ffcd0848000 	C:\WINDOWS\System32\KERNELBASE.dll
0x00007ffcd0850000 - 0x00007ffcd099b000 	C:\WINDOWS\System32\ucrtbase.dll
0x00007ffcc0ea0000 - 0x00007ffcc0ebb000 	C:\Program Files\Android\Android Studio\jbr\bin\VCRUNTIME140.dll
0x00007ffcb6890000 - 0x00007ffcb68a8000 	C:\Program Files\Android\Android Studio\jbr\bin\jli.dll
0x00007ffcd1cf0000 - 0x00007ffcd1eb7000 	C:\WINDOWS\System32\USER32.dll
0x00007ffcb9d20000 - 0x00007ffcb9fb4000 	C:\WINDOWS\WinSxS\amd64_microsoft.windows.common-controls_6595b64144ccf1df_6.0.26100.7019_none_3e06ffa0e335b8a8\COMCTL32.dll
0x00007ffcd0da0000 - 0x00007ffcd0dc7000 	C:\WINDOWS\System32\win32u.dll
0x00007ffcd3080000 - 0x00007ffcd3129000 	C:\WINDOWS\System32\msvcrt.dll
0x00007ffcd2b80000 - 0x00007ffcd2bab000 	C:\WINDOWS\System32\GDI32.dll
0x00007ffcd0c70000 - 0x00007ffcd0d9c000 	C:\WINDOWS\System32\gdi32full.dll
0x00007ffcd0f40000 - 0x00007ffcd0fe3000 	C:\WINDOWS\System32\msvcp_win.dll
0x00007ffcd3040000 - 0x00007ffcd3071000 	C:\WINDOWS\System32\IMM32.DLL
0x00007ffcc3470000 - 0x00007ffcc347c000 	C:\Program Files\Android\Android Studio\jbr\bin\vcruntime140_1.dll
0x00007ffc741b0000 - 0x00007ffc7423d000 	C:\Program Files\Android\Android Studio\jbr\bin\msvcp140.dll
0x00007ffc783f0000 - 0x00007ffc79086000 	C:\Program Files\Android\Android Studio\jbr\bin\server\jvm.dll
0x00007ffcd1720000 - 0x00007ffcd17d4000 	C:\WINDOWS\System32\ADVAPI32.dll
0x00007ffcd19a0000 - 0x00007ffcd1a46000 	C:\WINDOWS\System32\sechost.dll
0x00007ffcd1a50000 - 0x00007ffcd1b68000 	C:\WINDOWS\System32\RPCRT4.dll
0x00007ffcd31a0000 - 0x00007ffcd3214000 	C:\WINDOWS\System32\WS2_32.dll
0x00007ffcd02b0000 - 0x00007ffcd030e000 	C:\WINDOWS\SYSTEM32\POWRPROF.dll
0x00007ffcb7fc0000 - 0x00007ffcb7ff5000 	C:\WINDOWS\SYSTEM32\WINMM.dll
0x00007ffcc6910000 - 0x00007ffcc691b000 	C:\WINDOWS\SYSTEM32\VERSION.dll
0x00007ffcd0290000 - 0x00007ffcd02a4000 	C:\WINDOWS\SYSTEM32\UMPDC.dll
0x00007ffccf210000 - 0x00007ffccf22b000 	C:\WINDOWS\SYSTEM32\kernel.appcore.dll
0x00007ffcc1650000 - 0x00007ffcc165a000 	C:\Program Files\Android\Android Studio\jbr\bin\jimage.dll
0x00007ffccd9f0000 - 0x00007ffccdc32000 	C:\WINDOWS\SYSTEM32\DBGHELP.DLL
0x00007ffcd10a0000 - 0x00007ffcd142b000 	C:\WINDOWS\System32\combase.dll
0x00007ffcd1430000 - 0x00007ffcd1507000 	C:\WINDOWS\System32\OLEAUT32.dll
0x00007ffcb5200000 - 0x00007ffcb523c000 	C:\WINDOWS\SYSTEM32\dbgcore.DLL
0x00007ffcd0ff0000 - 0x00007ffcd1095000 	C:\WINDOWS\System32\bcryptPrimitives.dll
0x00007ffcb81a0000 - 0x00007ffcb81c0000 	C:\Program Files\Android\Android Studio\jbr\bin\java.dll
0x00007ffcb7670000 - 0x00007ffcb7688000 	C:\Program Files\Android\Android Studio\jbr\bin\zip.dll
0x00007ffcd2000000 - 0x00007ffcd274f000 	C:\WINDOWS\System32\SHELL32.dll
0x00007ffcd0dd0000 - 0x00007ffcd0f3b000 	C:\WINDOWS\System32\wintypes.dll
0x00007ffcce050000 - 0x00007ffcce8ad000 	C:\WINDOWS\SYSTEM32\windows.storage.dll
0x00007ffcd1b70000 - 0x00007ffcd1c62000 	C:\WINDOWS\System32\SHCORE.dll
0x00007ffcd3130000 - 0x00007ffcd3197000 	C:\WINDOWS\System32\shlwapi.dll
0x00007ffcd0370000 - 0x00007ffcd0399000 	C:\WINDOWS\SYSTEM32\profapi.dll
0x00007ffcb9ff0000 - 0x00007ffcba000000 	C:\Program Files\Android\Android Studio\jbr\bin\net.dll
0x00007ffcca0a0000 - 0x00007ffcca1c8000 	C:\WINDOWS\SYSTEM32\WINHTTP.dll
0x00007ffccf780000 - 0x00007ffccf7eb000 	C:\WINDOWS\system32\mswsock.dll
0x00007ffcb7560000 - 0x00007ffcb7576000 	C:\Program Files\Android\Android Studio\jbr\bin\nio.dll
0x00007ffcca9c0000 - 0x00007ffcca9d0000 	C:\Program Files\Android\Android Studio\jbr\bin\verify.dll

JVMTI agents: none

dbghelp: loaded successfully - version: 4.0.5 - missing functions: none
symbol engine: initialized successfully - sym options: 0x614 - pdb path: .;C:\Program Files\Android\Android Studio\jbr\bin;C:\WINDOWS\SYSTEM32;C:\WINDOWS\WinSxS\amd64_microsoft.windows.common-controls_6595b64144ccf1df_6.0.26100.7019_none_3e06ffa0e335b8a8;C:\Program Files\Android\Android Studio\jbr\bin\server

VM Arguments:
java_command: org.jetbrains.kotlin.cli.jvm.K2JVMCompiler @C:\Users\gaelm\OneDrive\Documentos\Sensores\Sensores_ESCOM_V2\app\build\20251126_7757732603251609173.compiler.options
java_class_path (initial): C:\Users\gaelm\.gradle\caches\modules-2\files-2.1\org.jetbrains.kotlin\kotlin-compiler-embeddable\1.9.0\2c8c3a7402becca891f12739b3e9fd2dc2adbd7a\kotlin-compiler-embeddable-1.9.0.jar;C:\Users\gaelm\.gradle\caches\modules-2\files-2.1\org.jetbrains.kotlin\kotlin-stdlib\1.9.0\8ee15ef0c67dc83d874f412d84378d7f0eb50b63\kotlin-stdlib-1.9.0.jar;C:\Users\gaelm\.gradle\caches\modules-2\files-2.1\org.jetbrains.kotlin\kotlin-script-runtime\1.9.0\4b3102cbbb7e1b58d9d1adf89563f00069ffa7d1\kotlin-script-runtime-1.9.0.jar;C:\Users\gaelm\.gradle\caches\modules-2\files-2.1\org.jetbrains.kotlin\kotlin-reflect\1.6.10\1cbe9c92c12a94eea200d23c2bbaedaf3daf5132\kotlin-reflect-1.6.10.jar;C:\Users\gaelm\.gradle\caches\modules-2\files-2.1\org.jetbrains.kotlin\kotlin-daemon-embeddable\1.9.0\186543f5e28cf8d9a0290fecc2cf34301c40a65c\kotlin-daemon-embeddable-1.9.0.jar;C:\Users\gaelm\.gradle\caches\modules-2\files-2.1\org.jetbrains.intellij.deps\trove4j\1.0.20200330\3afb14d5f9ceb459d724e907a21145e8ff394f02\trove4j-1.0.20200330.jar;C:\Users\gaelm\.gradle\caches\modules-2\files-2.1\org.jetbrains.kotlin\kotlin-stdlib-common\1.9.0\cd65c21cfd1eec4d44ef09f9f52b6d9f8a720636\kotlin-stdlib-common-1.9.0.jar;C:\Users\gaelm\.gradle\caches\modules-2\files-2.1\org.jetbrains\annotations\13.0\919f0dfe192fb4e063e7dacadee7f8bb9a2672a9\annotations-13.0.jar
Launcher Type: SUN_STANDARD

[Global flags]
     intx CICompilerCount                          = 4                                         {product} {ergonomic}
     uint ConcGCThreads                            = 2                                         {product} {ergonomic}
     uint G1ConcRefinementThreads                  = 8                                         {product} {ergonomic}
   size_t G1HeapRegionSize                         = 2097152                                   {product} {ergonomic}
    uintx GCDrainStackTargetSize                   = 64                                        {product} {ergonomic}
   size_t InitialHeapSize                          = 266338304                                 {product} {ergonomic}
   size_t MarkStackSize                            = 4194304                                   {product} {ergonomic}
   size_t MaxHeapSize                              = 4238344192                                {product} {ergonomic}
   size_t MaxNewSize                               = 2541748224                                {product} {ergonomic}
   size_t MinHeapDeltaBytes                        = 2097152                                   {product} {ergonomic}
   size_t MinHeapSize                              = 8388608                                   {product} {ergonomic}
    uintx NonNMethodCodeHeapSize                   = 5839372                                {pd product} {ergonomic}
    uintx NonProfiledCodeHeapSize                  = 122909434                              {pd product} {ergonomic}
    uintx ProfiledCodeHeapSize                     = 122909434                              {pd product} {ergonomic}
    uintx ReservedCodeCacheSize                    = 251658240                              {pd product} {ergonomic}
     bool SegmentedCodeCache                       = true                                      {product} {ergonomic}
   size_t SoftMaxHeapSize                          = 4238344192                             {manageable} {ergonomic}
     bool UseCompressedOops                        = true                           {product lp64_product} {ergonomic}
     bool UseG1GC                                  = true                                      {product} {ergonomic}
     bool UseLargePagesIndividualAllocation        = false                                  {pd product} {ergonomic}

Logging:
Log output configuration:
 #0: stdout all=warning uptime,level,tags foldmultilines=false
 #1: stderr all=off uptime,level,tags foldmultilines=false

Environment Variables:
JAVA_HOME=C:\Program Files\Amazon Corretto\jdk21.0.6_7
PATH=C:\Program Files (x86)\Common Files\Oracle\Java\java8path;C:\Program Files (x86)\Common Files\Oracle\Java\javapath;C:\Program Files (x86)\VMware\VMware Workstation\bin\;C:\Program Files\Amazon Corretto\jdk21.0.6_7\bin;C:\Program Files\Amazon Corretto\jdk17.0.14_7\bin;C:\Python312\Scripts\;C:\Python312\;C:\Windows\System32\HWAudioDriverLibs;C:\Windows\system32;C:\Windows;C:\Windows\System32\Wbem;C:\Windows\System32\WindowsPowerShell\v1.0\;C:\Windows\System32\OpenSSH\;C:\Users\Administrator\AppData\Local\Microsoft\WindowsApps;C:\Program Files\Microsoft SQL Server\150\Tools\Binn\;C:\Program Files\Microsoft SQL Server\Client SDK\ODBC\170\Tools\Binn\;C:\Program Files\dotnet\;C:\Program Files (x86)\Windows Kits\10\Windows Performance Toolkit\;C:\ProgramData\chocolatey\bin;C:\Program Files\nodejs\;C:\Program Files\Git\cmd;C:\WINDOWS\system32;C:\WINDOWS;C:\WINDOWS\System32\Wbem;C:\WINDOWS\System32\WindowsPowerShell\v1.0\;C:\WINDOWS\System32\OpenSSH\;C:\Program Files (x86)\Microsoft SQL Server\160\Tools\Binn\;C:\Program Files\Microsoft SQL Server\160\Tools\Binn\;C:\Program Files\Microsoft SQL Server\160\DTS\Binn\;C:\Program Files (x86)\Microsoft SQL Server\160\DTS\Binn\;C:\Program Files\Apache\Maven\apache-maven-3.9.9\bin;C:\Program Files\Docker\Docker\resources\bin;C:\Program Files\Apache\Maven\apache-maven-3.9.9\bin;C:\Program Files (x86)\ZeroTier\One\;C:\Program Files\PostgreSQL\18\bin;C:\Users\gaelm\AppData\Local\Programs\Python\Python313\Scripts\;C:\Users\gaelm\AppData\Local\Programs\Python\Python313\;C:\Users\gaelm\AppData\Local\Microsoft\WindowsApps;C:\Users\gaelm\AppData\Local\Programs\Microsoft VS Code\bin;C:\Users\gaelm\.dotnet\tools;C:\Users\gaelm\AppData\Roaming\npm;C:\Users\gaelm\AppData\Local\GitHubDesktop\bin;C:\Program Files\JetBrains\PyCharm Community Edition 2024.3.3\bin;;c:\altera\12.1\modelsim_ase\win32aloem
USERNAME=gaelm
OS=Windows_NT
PROCESSOR_IDENTIFIER=Intel64 Family 6 Model 140 Stepping 2, GenuineIntel
TMP=C:\Users\gaelm\AppData\Local\Temp
TEMP=C:\Users\gaelm\AppData\Local\Temp




Periodic native trim disabled

JNI global refs:
JNI global refs: 12, weak refs: 14

JNI global refs memory usage: 835, weak refs: 833

Process memory usage:
Resident Set Size: 831100K (5% of 16555320K total physical memory with 2907068K free physical memory)

OOME stack traces (most recent first):
Classloader memory used:
Loader jdk.internal.loader.ClassLoaders$AppClassLoader                                 : 76407K
Loader bootstrap                                                                       : 13457K

---------------  S Y S T E M  ---------------

OS:
 Windows 11 , 64 bit Build 26100 (10.0.26100.7019)
OS uptime: 1 days 1:01 hours
Hyper-V role detected

CPU: total 8 (initial active 8) (4 cores per cpu, 2 threads per core) family 6 model 140 stepping 2 microcode 0x16, cx8, cmov, fxsr, ht, mmx, 3dnowpref, sse, sse2, sse3, ssse3, sse4.1, sse4.2, popcnt, lzcnt, tsc, tscinvbit, avx, avx2, aes, erms, clmul, bmi1, bmi2, adx, avx512f, avx512dq, avx512cd, avx512bw, avx512vl, sha, fma, vzeroupper, avx512_vpopcntdq, avx512_vpclmulqdq, avx512_vaes, avx512_vnni, clflush, clflushopt, clwb, avx512_vbmi2, avx512_vbmi, hv, rdtscp, rdpid, fsrm, gfni, avx512_bitalg, f16c, cet_ibt, cet_ss, avx512_ifma
Processor Information for processor 0
  Max Mhz: 2496, Current Mhz: 1198, Mhz Limit: 2496
Processor Information for processor 1
  Max Mhz: 2496, Current Mhz: 2496, Mhz Limit: 2496
Processor Information for processor 2
  Max Mhz: 2496, Current Mhz: 1198, Mhz Limit: 2496
Processor Information for processor 3
  Max Mhz: 2496, Current Mhz: 1198, Mhz Limit: 2496
Processor Information for processor 4
  Max Mhz: 2496, Current Mhz: 2496, Mhz Limit: 2496
Processor Information for processor 5
  Max Mhz: 2496, Current Mhz: 1198, Mhz Limit: 2496
Processor Information for processor 6
  Max Mhz: 2496, Current Mhz: 2496, Mhz Limit: 2496
Processor Information for processor 7
  Max Mhz: 2496, Current Mhz: 2496, Mhz Limit: 2496

Memory: 4k page, system-wide physical 16167M (2838M free)
TotalPageFile size 16167M (AvailPageFile size 40M)
current process WorkingSet (physical memory assigned to process): 811M, peak: 812M
current process commit charge ("private bytes"): 847M, peak: 950M

vm_info: OpenJDK 64-Bit Server VM (21.0.8+-14196175-b1038.72) for windows-amd64 JRE (21.0.8+-14196175-b1038.72), built on 2025-10-01T10:24:33Z by "builder" with MS VC++ 16.10 / 16.11 (VS2019)

END.
